#
# A fatal error has been detected by the Java Runtime Environment:
#
#  Internal Error (jvmciRuntime.cpp:1609), pid=28, tid=42
#  fatal error: Fatal exception in JVMCI: Error calling jdk.vm.ci.services.Services.serializeSavedProperties
#
# JRE version: OpenJDK Runtime Environment GraalVM CE 22.3.0 (17.0.5+8) (build 17.0.5+8-jvmci-22.3-b08)
# Java VM: OpenJDK 64-Bit Server VM GraalVM CE 22.3.0 (17.0.5+8-jvmci-22.3-b08, mixed mode, sharing, tiered, jvmci, jvmci compiler, compressed oops, compressed class ptrs, parallel gc, linux-amd64)
# Problematic frame:
# V  [libjvm.so+0x972714]  JVMCIRuntime::fatal_exception(JVMCIEnv*, char const*)+0x74
#
# Core dump will be written. Default location: Core dumps may be processed with "/usr/share/apport/apport -p%p -s%s -c%c -d%d -P%P -u%u -g%g -- %E" (or dumping to /home/runner/InterviewTest/core.28)
#
# If you would like to submit a bug report, please visit:
#   https://github.com/oracle/graal/issues
#

---------------  S U M M A R Y ------------

Command Line: -XX:ThreadPriorityPolicy=1 -XX:+UnlockExperimentalVMOptions -XX:+EnableJVMCIProduct -XX:JVMCIThreadsPerNativeLibraryRuntime=1 -XX:-UnlockExperimentalVMOptions -Declipse.application=org.eclipse.jdt.ls.core.id1 -Dosgi.bundles.defaultStartLevel=4 -Declipse.product=org.eclipse.jdt.ls.core.product -Dlog.level=ALL -Xverify:none -XX:+UseParallelGC -XX:GCTimeRatio=4 -XX:AdaptiveSizePolicyWeight=90 -Dsun.zip.disableMemoryMapping=true -Xmx512m -Xms100m /nix/store/m6gcpi1ii6rghy04cjwjddcavv7i90df-jdt-language-server-1.9.0/share/java/plugins/org.eclipse.equinox.launcher_1.6.400.v20210924-0641.jar --add-modules=ALL-SYSTEM --add-opens java.base/java.util=ALL-UNNAMED --add-opens java.base/java.lang=ALL-UNNAMED -configuration /home/runner/.cache/jdt-language-server/config -data /home/runner/.cache/jdt-language-server/data/home/runner/InterviewTest

Host: AMD EPYC 7B12, 8 cores, 1G, Ubuntu 20.04.2 LTS
Time: Sun Apr  2 15:43:09 2023 UTC elapsed time: 666.635249 seconds (0d 0h 11m 6s)

---------------  T H R E A D  ---------------

Current thread (0x00007f1f280b2490):  JavaThread "JVMCI-native CompilerThread0" daemon [_thread_in_vm, id=42, stack(0x00007f1f0e31a000,0x00007f1f0e51a000)]


Current CompileTask:
JVMCI-native: 666635 9009       4       java.lang.Thread::interrupted (23 bytes)

Stack: [0x00007f1f0e31a000,0x00007f1f0e51a000],  sp=0x00007f1f0e518380,  free space=2040k
Native frames: (J=compiled Java code, j=interpreted, Vv=VM code, C=native code)
V  [libjvm.so+0x972714]  JVMCIRuntime::fatal_exception(JVMCIEnv*, char const*)+0x74
V  [libjvm.so+0x93e2fe]  JVMCIEnv::copy_saved_properties()+0x14e
V  [libjvm.so+0x9732a9]  JVMCIRuntime::initialize(JVMCIEnv*)+0xb19
V  [libjvm.so+0x9738a2]  JVMCIRuntime::get_HotSpotJVMCIRuntime(JVMCIEnv*)+0x12
V  [libjvm.so+0x9749f2]  JVMCIRuntime::compile_method(JVMCIEnv*, JVMCICompiler*, methodHandle const&, int)+0xd2
V  [libjvm.so+0x5b0d20]  CompileBroker::invoke_compiler_on_method(CompileTask*)+0x1470
V  [libjvm.so+0x5b12e8]  CompileBroker::compiler_thread_loop()+0x528
V  [libjvm.so+0xd82460]  JavaThread::thread_main_inner()+0xd0
V  [libjvm.so+0xd85a40]  Thread::call_run()+0xc0
V  [libjvm.so+0xbdb1e1]  thread_native_entry(Thread*)+0xe1

Register to memory mapping:

RAX=0x00007f1f2e01e000 points into unknown readable memory: 0x0000000000000058 | 58 00 00 00 00 00 00 00
RBX=0x00007f1f2f119398: <offset 0x0000000000ef5398> in /nix/store/gpxl5qgg8kicmcvivwmybwjlpf7wh20l-graalvm17-ce-22.3.0/lib/server/libjvm.so at 0x00007f1f2e224000
RCX=0x00007f1f2f0d11e8: <offset 0x0000000000ead1e8> in /nix/store/gpxl5qgg8kicmcvivwmybwjlpf7wh20l-graalvm17-ce-22.3.0/lib/server/libjvm.so at 0x00007f1f2e224000
RDX=0x0000000000000649 is an unknown value
RSP=0x00007f1f0e518380 is pointing into the stack for thread: 0x00007f1f280b2490
RBP=0x00007f1f0e5183a0 is pointing into the stack for thread: 0x00007f1f280b2490
RSI=0x00007f1f2f119c48: <offset 0x0000000000ef5c48> in /nix/store/gpxl5qgg8kicmcvivwmybwjlpf7wh20l-graalvm17-ce-22.3.0/lib/server/libjvm.so at 0x00007f1f2e224000
RDI=0x00000000e0000000 is an oop: [Ljava.security.cert.Certificate; 
{0x00000000e0000000} - klass: 'java/security/cert/Certificate'[]
 - length: 3
R8 =0x00007f1f2f119398: <offset 0x0000000000ef5398> in /nix/store/gpxl5qgg8kicmcvivwmybwjlpf7wh20l-graalvm17-ce-22.3.0/lib/server/libjvm.so at 0x00007f1f2e224000
R9 =0x0000000000000003 is an unknown value
R10=0x00007f1f2f46ada0: <offset 0x0000000001246da0> in /nix/store/gpxl5qgg8kicmcvivwmybwjlpf7wh20l-graalvm17-ce-22.3.0/lib/server/libjvm.so at 0x00007f1f2e224000
R11=0x000000080044f048 is pointing into metadata
R12=0x0 is NULL
R13=0x00007f1f280b2490 is a thread
R14=0x00007f1f28000b80 points into unknown readable memory: 0x00007f1f2f34aa38 | 38 aa 34 2f 1f 7f 00 00
R15=0x00007f1f2f458e40: <offset 0x0000000001234e40> in /nix/store/gpxl5qgg8kicmcvivwmybwjlpf7wh20l-graalvm17-ce-22.3.0/lib/server/libjvm.so at 0x00007f1f2e224000


Registers:
RAX=0x00007f1f2e01e000, RBX=0x00007f1f2f119398, RCX=0x00007f1f2f0d11e8, RDX=0x0000000000000649
RSP=0x00007f1f0e518380, RBP=0x00007f1f0e5183a0, RSI=0x00007f1f2f119c48, RDI=0x00000000e0000000
R8 =0x00007f1f2f119398, R9 =0x0000000000000003, R10=0x00007f1f2f46ada0, R11=0x000000080044f048
R12=0x0000000000000000, R13=0x00007f1f280b2490, R14=0x00007f1f28000b80, R15=0x00007f1f2f458e40
RIP=0x00007f1f2eb96714, EFLAGS=0x0000000000010206, CSGSFS=0x002b000000000033, ERR=0x0000000000000006
  TRAPNO=0x000000000000000e

Top of Stack: (sp=0x00007f1f0e518380)
0x00007f1f0e518380:   00007f1f0e518940 00007f1f280b2490
0x00007f1f0e518390:   00007f1f2c9b1708 0000000800c41e50
0x00007f1f0e5183a0:   00007f1f0e518500 00007f1f2eb622fe
0x00007f1f0e5183b0:   00007f1f0e5183e0 00007f1f0e518440 

Instructions: (pc=0x00007f1f2eb96714)
0x00007f1f2eb96614:   30 e8 f6 cf e8 ff 4c 89 e7 e8 2e 48 d1 ff 84 db
0x00007f1f2eb96624:   75 2a 4d 85 ed 74 04 4d 8b 6d 00 48 83 c4 08 44
0x00007f1f2eb96634:   89 f9 4c 89 f2 4c 89 ee 5b 4c 89 e7 41 5c 41 5d
0x00007f1f2eb96644:   41 5e 41 5f 5d e9 e2 47 d1 ff 66 90 48 83 c4 08
0x00007f1f2eb96654:   5b 41 5c 41 5d 41 5e 41 5f 5d c3 90 31 d2 be 08
0x00007f1f2eb96664:   00 00 00 4c 89 ff e8 b1 78 a3 ff 49 89 c5 e9 37
0x00007f1f2eb96674:   ff ff ff 66 0f 1f 84 00 00 00 00 00 48 8b 7a 08
0x00007f1f2eb96684:   e9 6d ff ff ff 0f 1f 80 00 00 00 00 e8 5b 48 0a
0x00007f1f2eb96694:   00 84 c0 75 89 e9 6a ff ff ff 66 90 55 48 89 e5
0x00007f1f2eb966a4:   41 56 41 55 41 54 49 89 fc 53 48 89 f3 66 48 8d
0x00007f1f2eb966b4:   3d 27 5e 85 00 66 66 48 e8 df 43 8d ff 4c 8b 28
0x00007f1f2eb966c4:   8b 05 be 72 8a 00 85 c0 75 14 ba 01 00 00 00 48
0x00007f1f2eb966d4:   8d 0d ae 72 8a 00 f0 0f b1 11 85 c0 74 4e be c8
0x00007f1f2eb966e4:   00 00 00 4c 89 ef e8 01 0b 41 00 48 8d 05 12 ac
0x00007f1f2eb966f4:   85 00 49 89 d8 48 8d 0d e8 aa 53 00 ba 49 06 00
0x00007f1f2eb96704:   00 48 8d 35 3c 35 58 00 bf 00 00 00 e0 48 8b 00
0x00007f1f2eb96714:   c6 00 58 31 c0 e8 e2 91 c6 ff 5b 41 5c 41 5d 41
0x00007f1f2eb96724:   5e 5d e9 55 34 26 00 0f 1f 44 00 00 48 8d 05 81
0x00007f1f2eb96734:   a3 8b 00 48 89 df 4c 8b 30 e8 9e 43 8d ff 48 89
0x00007f1f2eb96744:   de 48 89 c2 49 8b 06 4c 89 f7 ff 50 08 4c 89 f7
0x00007f1f2eb96754:   e8 a7 5c 27 00 4d 85 e4 74 12 be 01 00 00 00 4c
0x00007f1f2eb96764:   89 e7 e8 35 43 fc ff eb 82 0f 1f 00 be 01 00 00
0x00007f1f2eb96774:   00 4c 89 ef e8 d3 fd ff ff e9 6d ff ff ff 66 66
0x00007f1f2eb96784:   2e 0f 1f 84 00 00 00 00 00 0f 1f 00 55 48 89 e5
0x00007f1f2eb96794:   41 57 41 56 41 55 41 54 53 48 81 ec 08 02 00 00
0x00007f1f2eb967a4:   64 48 8b 04 25 28 00 00 00 48 89 45 c8 8b 07 83
0x00007f1f2eb967b4:   f8 02 0f 84 11 04 00 00 4c 8b 6f 18 49 89 ff 49
0x00007f1f2eb967c4:   89 f4 4d 85 ed 74 14 4c 89 ef e8 5d 57 22 00 41
0x00007f1f2eb967d4:   8b 07 83 f8 02 0f 84 19 04 00 00 48 8d 1d 9a 06
0x00007f1f2eb967e4:   8a 00 4c 8d 35 0b 3c 58 00 eb 38 90 48 85 d2 7f
0x00007f1f2eb967f4:   0d 48 8d 05 b4 c0 85 00 48 83 38 00 7e 0e 41 8b
0x00007f1f2eb96804:   77 2c 4c 89 f7 31 c0 e8 a0 b2 f7 ff 49 8b 7f 18 


Stack slot to memory mapping:
stack at sp + 0 slots: 0x00007f1f0e518940 is pointing into the stack for thread: 0x00007f1f280b2490
stack at sp + 1 slots: 0x00007f1f280b2490 is a thread
stack at sp + 2 slots: 0x00007f1f2c9b1708 points into unknown readable memory: 0x657300181593ffff | ff ff 93 15 18 00 73 65
stack at sp + 3 slots: 0x0000000800c41e50 is a pointer to class: 
jdk.vm.ci.services.Services {0x0000000800c41e50}
 - instance size:     2
 - klass size:        65
 - access:            public final synchronized 
 - state:             fully_initialized
 - name:              'jdk/vm/ci/services/Services'
 - super:             'java/lang/Object'
 - sub:               
 - arrays:            NULL
 - methods:           Array<T>(0x00007f1f0ec4d650)
 - method ordering:   Array<T>(0x0000000800928960)
 - default_methods:   Array<T>(0x0000000000000000)
 - local interfaces:  Array<T>(0x00000008005ce810)
 - trans. interfaces: Array<T>(0x00000008005ce810)
 - constants:         constant pool [427] {0x00007f1f0ec4b4d8} for 'jdk/vm/ci/services/Services' cache=0x00007f1f0ec4ef98
 - class loader data:  loader data: 0x00007f1f280283f0 of 'bootstrap'
 - source file:       'Services.java'
 - class annotations:       Array<T>(0x0000000000000000)
 - class type annotations:  Array<T>(0x0000000000000000)
 - field annotations:       Array<T>(0x0000000000000000)
 - field type annotations:  Array<T>(0x0000000000000000)
 - inner classes:     Array<T>(0x00007f1f0ec4e8f0)
 - nest members:     Array<T>(0x00007f1f0ec4e910)
 - permitted subclasses:     Array<T>(0x00000008005ce7a0)
 - java mirror:       a 'java/lang/Class'{0x00000000e017baf0} = 'jdk/vm/ci/services/Services'
 - vtable length      5  (start addr: 0x0000000800c42020)
 - itable length      2 (start addr: 0x0000000800c42048)
 - ---- static fields (3 words):
 - public static final 'IS_BUILDING_NATIVE_IMAGE' 'Z' @128 
 - public static final 'IS_IN_NATIVE_IMAGE' 'Z' @129 
 - private static volatile 'savedProperties' 'Ljava/util/Map;' @112 
 - static final 'JVMCI_ENABLED' 'Z' @130 
 - private static final 'servicesCache' 'Ljava/util/Map;' @116 
 - private static final 'MAX_UNICODE_IN_UTF8_LENGTH' 'I' @120 
 - private static final 'MAX_UTF8_PROPERTY_STRING_LENGTH' 'I' @124 
 - ---- non-static fields (0 words):
 - non-static oop maps: 
stack at sp + 4 slots: 0x00007f1f0e518500 is pointing into the stack for thread: 0x00007f1f280b2490
stack at sp + 5 slots: 0x00007f1f2eb622fe: <offset 0x000000000093e2fe> in /nix/store/gpxl5qgg8kicmcvivwmybwjlpf7wh20l-graalvm17-ce-22.3.0/lib/server/libjvm.so at 0x00007f1f2e224000
stack at sp + 6 slots: 0x00007f1f0e5183e0 is pointing into the stack for thread: 0x00007f1f280b2490
stack at sp + 7 slots: 0x00007f1f0e518440 is pointing into the stack for thread: 0x00007f1f280b2490


---------------  P R O C E S S  ---------------

Threads class SMR info:
_java_thread_list=0x00007f1e74000b70, length=25, elements={
0x00007f1f28026690, 0x00007f1f280a64d0, 0x00007f1f280a7910, 0x00007f1f280ae3e0,
0x00007f1f280af6b0, 0x00007f1f280b0aa0, 0x00007f1f280b2490, 0x00007f1f280b39a0,
0x00007f1f280b4df0, 0x00007f1f280d7ea0, 0x00007f1f2811f5f0, 0x00007f1f2833c450,
0x00007f1f2836f5e0, 0x00007f1f28371d40, 0x00007f1f2839e000, 0x00007f1ebc01a740,
0x00007f1ebc2a26b0, 0x00007f1eb00010d0, 0x00007f1ebc480f10, 0x00007f1ebc686fe0,
0x00007f1f28398870, 0x00007f1ea4000ff0, 0x00007f1f28417f70, 0x00007f1ea4030b80,
0x00007f1e90009760
}

Java Threads: ( => current thread )
  0x00007f1f28026690 JavaThread "main" [_thread_blocked, id=34, stack(0x00007f1f2e03f000,0x00007f1f2e13f000)]
  0x00007f1f280a64d0 JavaThread "Reference Handler" daemon [_thread_blocked, id=37, stack(0x00007f1f2c056000,0x00007f1f2c156000)]
  0x00007f1f280a7910 JavaThread "Finalizer" daemon [_thread_blocked, id=38, stack(0x00007f1f0eb00000,0x00007f1f0ec00000)]
  0x00007f1f280ae3e0 JavaThread "Signal Dispatcher" daemon [_thread_blocked, id=39, stack(0x00007f1f0e71a000,0x00007f1f0e81a000)]
  0x00007f1f280af6b0 JavaThread "Service Thread" daemon [_thread_blocked, id=40, stack(0x00007f1f0e61a000,0x00007f1f0e71a000)]
  0x00007f1f280b0aa0 JavaThread "Monitor Deflation Thread" daemon [_thread_blocked, id=41, stack(0x00007f1f0e51a000,0x00007f1f0e61a000)]
=>0x00007f1f280b2490 JavaThread "JVMCI-native CompilerThread0" daemon [_thread_in_vm, id=42, stack(0x00007f1f0e31a000,0x00007f1f0e51a000)]
  0x00007f1f280b39a0 JavaThread "C1 CompilerThread0" daemon [_thread_blocked, id=43, stack(0x00007f1f0e11a000,0x00007f1f0e31a000)]
  0x00007f1f280b4df0 JavaThread "Sweeper thread" daemon [_thread_blocked, id=44, stack(0x00007f1f0e01a000,0x00007f1f0e11a000)]
  0x00007f1f280d7ea0 JavaThread "Common-Cleaner" daemon [_thread_blocked, id=46, stack(0x00007f1f0df1a000,0x00007f1f0e01a000)]
  0x00007f1f2811f5f0 JavaThread "Notification Thread" daemon [_thread_blocked, id=47, stack(0x00007f1f0de1a000,0x00007f1f0df1a000)]
  0x00007f1f2833c450 JavaThread "Active Thread: Equinox Container: a325e986-76a2-40b1-a9d9-05d50a4d4f0b" [_thread_blocked, id=60, stack(0x00007f1f0ca00000,0x00007f1f0cb00000)]
  0x00007f1f2836f5e0 JavaThread "Framework Event Dispatcher: Equinox Container: a325e986-76a2-40b1-a9d9-05d50a4d4f0b" daemon [_thread_blocked, id=61, stack(0x00007f1f0c800000,0x00007f1f0c900000)]
  0x00007f1f28371d40 JavaThread "Start Level: Equinox Container: a325e986-76a2-40b1-a9d9-05d50a4d4f0b" daemon [_thread_blocked, id=62, stack(0x00007f1f0c600000,0x00007f1f0c700000)]
  0x00007f1f2839e000 JavaThread "Refresh Thread: Equinox Container: a325e986-76a2-40b1-a9d9-05d50a4d4f0b" daemon [_thread_blocked, id=71, stack(0x00007f1f0c400000,0x00007f1f0c500000)]
  0x00007f1ebc01a740 JavaThread "SCR Component Actor" daemon [_thread_blocked, id=72, stack(0x00007f1f0c200000,0x00007f1f0c300000)]
  0x00007f1ebc2a26b0 JavaThread "Worker-JM" [_thread_blocked, id=82, stack(0x00007f1ed5b00000,0x00007f1ed5c00000)]
  0x00007f1eb00010d0 JavaThread "Worker-1: Compacting resource model" [_thread_blocked, id=84, stack(0x00007f1ed5700000,0x00007f1ed5800000)]
  0x00007f1ebc480f10 JavaThread "Java indexing" daemon [_thread_blocked, id=93, stack(0x00007f1ed5500000,0x00007f1ed5600000)]
  0x00007f1ebc686fe0 JavaThread "Bundle File Closer" daemon [_thread_blocked, id=94, stack(0x00007f1ed5300000,0x00007f1ed5400000)]
  0x00007f1f28398870 JavaThread "pool-3-thread-1" [_thread_blocked, id=97, stack(0x00007f1ed5100000,0x00007f1ed5200000)]
  0x00007f1ea4000ff0 JavaThread "Worker-2: Java indexing... " [_thread_blocked, id=102, stack(0x00007f1ed4f00000,0x00007f1ed5000000)]
  0x00007f1f28417f70 JavaThread "pool-2-thread-1" [_thread_blocked, id=106, stack(0x00007f1ed4d00000,0x00007f1ed4e00000)]
  0x00007f1ea4030b80 JavaThread "Worker-5: Periodic workspace save." [_thread_blocked, id=151, stack(0x00007f1ed4b00000,0x00007f1ed4c00000)]
  0x00007f1e90009760 JavaThread "Worker-6" [_thread_blocked, id=1590, stack(0x00007f1f0c100000,0x00007f1f0c200000)]

Other Threads:
  0x00007f1f280a1c10 VMThread "VM Thread" [stack: 0x00007f1f2c158000,0x00007f1f2c258000] [id=36] _threads_hazard_ptr=0x00007f1e74000b70
  0x00007f1f28120f90 WatcherThread [stack: 0x00007f1f0dd1a000,0x00007f1f0de1a000] [id=48]
  0x00007f1f2803df30 GCTaskThread "GC Thread#0" [stack: 0x00007f1f2dc02000,0x00007f1f2dd02000] [id=35]

Threads with active compile tasks:
JVMCI-native CompilerThread0   666736 9009       4       java.lang.Thread::interrupted (23 bytes)

VM state: synchronizing (normal execution)

VM Mutex/Monitor currently owned by a thread:  ([mutex/lock_event])
[0x00007f1f28023840] Threads_lock - owner thread: 0x00007f1f280a1c10
[0x00007f1f28023ff0] Heap_lock - owner thread: 0x00007f1ea4030b80

OutOfMemory and StackOverflow Exception counts:
OutOfMemoryError java_heap_errors=1
LinkageErrors=68

Heap address: 0x00000000e0000000, size: 512 MB, Compressed Oops mode: 32-bit

CDS archive(s) mapped at: [0x0000000800000000-0x0000000800bc8000-0x0000000800bc8000), size 12353536, SharedBaseAddress: 0x0000000800000000, ArchiveRelocationMode: 0.
Compressed class space mapped at: 0x0000000800c00000-0x0000000840c00000, reserved size: 1073741824
Narrow klass base: 0x0000000800000000, Narrow klass shift: 0, Narrow klass range: 0x100000000

GC Precious Log:
 CPUs: 8 total, 1 available
 Memory: 1024M
 Large Page Support: Disabled
 NUMA Support: Disabled
 Compressed Oops: Enabled (32-bit)
 Alignments: Space 512K, Generation 512K, Heap 2M
 Heap Min Capacity: 100M
 Heap Initial Capacity: 100M
 Heap Max Capacity: 512M
 Pre-touch: Disabled
 Parallel Workers: 1

Heap:
 PSYoungGen      total 17408K, used 12288K [0x00000000f5580000, 0x00000000f6e00000, 0x0000000100000000)
  eden space 12288K, 100% used [0x00000000f5580000,0x00000000f6180000,0x00000000f6180000)
  from space 5120K, 0% used [0x00000000f6180000,0x00000000f6180000,0x00000000f6680000)
  to   space 5632K, 0% used [0x00000000f6880000,0x00000000f6880000,0x00000000f6e00000)
 ParOldGen       total 349696K, used 349695K [0x00000000e0000000, 0x00000000f5580000, 0x00000000f5580000)
  object space 349696K, 99% used [0x00000000e0000000,0x00000000f557ffe0,0x00000000f5580000)
 Metaspace       used 60724K, committed 61888K, reserved 1105920K
  class space    used 6048K, committed 6528K, reserved 1048576K

Card table byte_map: [0x00007f1f2dd02000,0x00007f1f2de03000] _byte_map_base: 0x00007f1f2d602000

Marking Bits: (ParMarkBitMap*) 0x00007f1f2f4524c0
 Begin Bits: [0x00007f1f2cb55000, 0x00007f1f2d355000)
 End Bits:   [0x00007f1f2d355000, 0x00007f1f2db55000)

Polling page: 0x00007f1f2e01c000

Metaspace:

Usage:
  Non-class:     53.39 MB used.
      Class:      5.91 MB used.
       Both:     59.30 MB used.

Virtual space:
  Non-class space:       56.00 MB reserved,      54.06 MB ( 97%) committed,  7 nodes.
      Class space:        1.00 GB reserved,       6.38 MB ( <1%) committed,  1 nodes.
             Both:        1.05 GB reserved,      60.44 MB (  6%) committed. 

Chunk freelists:
   Non-Class:  1.40 MB
       Class:  1.73 MB
        Both:  3.13 MB

MaxMetaspaceSize: unlimited
CompressedClassSpaceSize: 1.00 GB
Initial GC threshold: 21.00 MB
Current GC threshold: 100.56 MB
CDS: on
MetaspaceReclaimPolicy: balanced
 - commit_granule_bytes: 65536.
 - commit_granule_words: 8192.
 - virtual_space_node_default_size: 1048576.
 - enlarge_chunks_in_place: 1.
 - new_chunks_are_fully_committed: 0.
 - uncommit_free_chunks: 1.
 - use_allocation_guard: 0.
 - handle_deallocations: 1.


Internal statistics:

num_allocs_failed_limit: 6.
num_arena_births: 506.
num_arena_deaths: 150.
num_vsnodes_births: 8.
num_vsnodes_deaths: 0.
num_space_committed: 966.
num_space_uncommitted: 0.
num_chunks_returned_to_freelist: 211.
num_chunks_taken_from_freelist: 2890.
num_chunk_merges: 83.
num_chunk_splits: 1876.
num_chunks_enlarged: 1182.
num_purges: 2.
num_inconsistent_stats: 0.

CodeHeap 'non-profiled nmethods': size=120036Kb used=2711Kb max_used=2711Kb free=117324Kb
 bounds [0x00007f1f16f7a000, 0x00007f1f1722a000, 0x00007f1f1e4b3000]
CodeHeap 'profiled nmethods': size=120032Kb used=14649Kb max_used=16221Kb free=105382Kb
 bounds [0x00007f1f0fa42000, 0x00007f1f10a22000, 0x00007f1f16f7a000]
CodeHeap 'non-nmethods': size=5692Kb used=1391Kb max_used=1406Kb free=4300Kb
 bounds [0x00007f1f0f4b3000, 0x00007f1f0f723000, 0x00007f1f0fa42000]
 total_blobs=7694 nmethods=6967 adapters=632
 compilation: enabled
              stopped_count=0, restarted_count=0
 full_count=0

JVMCI Events (20 events):
Event: 409.019 Thread 0x00007f1f280b2490 destroyed JavaVM[4]@0x00007f1ed3f9e340 for JVMCI runtime 0
Event: 409.019 Thread 0x00007f1f280b2490 compacted oop handles in JVMCI runtime 0 from 90 to 90
Event: 409.019 Thread 0x00007f1f280b2490 releasing handles for JVMCI runtime 0: oop handles=90, metadata handles={total=160, live=146, blocks=42}
Event: 409.019 Thread 0x00007f1f280b2490 detached from JVMCI runtime 0
Event: 529.702 Thread 0x00007f1f280b2490 attached to JVMCI runtime 0
Event: 529.703 Thread 0x00007f1f280b2490 created JavaVM[5]@0x00007f1ed3f9e340 for JVMCI runtime 0
Event: 530.876 Thread 0x00007f1f280b2490 initializing JVMCI runtime 0
Event: 530.876 Thread 0x00007f1f280b2490 done waiting for JavaVM references initialization in JVMCI runtime 0
Event: 554.021 Thread 0x00007f1f280b2490 initialized JVMCI runtime 0
Event: 561.383 Thread 0x00007f1f280b2490 detaching from JVMCI runtime 0: releasing idle compiler thread (0 other threads still attached)
Event: 561.383 Thread 0x00007f1f280b2490 shutting down HotSpotJVMCIRuntime for JVMCI runtime 0
Event: 561.383 Thread 0x00007f1f280b2490 shut down JVMCI runtime 0
Event: 561.385 Thread 0x00007f1f280b2490 destroyed JavaVM[5]@0x00007f1ed3f9e340 for JVMCI runtime 0
Event: 561.385 Thread 0x00007f1f280b2490 compacted oop handles in JVMCI runtime 0 from 58 to 58
Event: 561.385 Thread 0x00007f1f280b2490 releasing handles for JVMCI runtime 0: oop handles=58, metadata handles={total=111, live=104, blocks=42}
Event: 561.385 Thread 0x00007f1f280b2490 detached from JVMCI runtime 0
Event: 635.709 Thread 0x00007f1f280b2490 attached to JVMCI runtime 0
Event: 635.710 Thread 0x00007f1f280b2490 created JavaVM[6]@0x00007f1ed3f9e340 for JVMCI runtime 0
Event: 636.893 Thread 0x00007f1f280b2490 initializing JVMCI runtime 0
Event: 636.893 Thread 0x00007f1f280b2490 done waiting for JavaVM references initialization in JVMCI runtime 0

Compilation events (20 events):
Event: 398.084 Thread 0x00007f1f280b2490 nmethod 9001 0x00007f1f1721c590 code [0x00007f1f1721c740, 0x00007f1f1721cc00]
Event: 398.084 Thread 0x00007f1f280b2490 8996       4       java.io.DataOutputStream::writeInt (62 bytes)
Event: 401.849 Thread 0x00007f1f280b2490 nmethod 8996 0x00007f1f1721ce10 code [0x00007f1f1721d020, 0x00007f1f1721d8e0]
Event: 401.850 Thread 0x00007f1f280b2490 8994       4       java.util.HashMap::entrySet (27 bytes)
Event: 407.819 Thread 0x00007f1f280b2490 nmethod 8994 0x00007f1f1721dc90 code [0x00007f1f1721de20, 0x00007f1f1721df10]
Event: 407.819 Thread 0x00007f1f280b2490 8990       4       org.eclipse.core.internal.preferences.StringPool::add (59 bytes)
Event: 407.878 Thread 0x00007f1f280b2490 nmethod 8990 0x00007f1f1721e010 code [0x00007f1f1721e1e0, 0x00007f1f1721e4c0]
Event: 407.879 Thread 0x00007f1f280b2490 9003       4       jdk.internal.misc.Unsafe::getReferenceAcquire (7 bytes)
Event: 407.879 Thread 0x00007f1f280b2490 nmethod 9003 0x00007f1f1721e810 code [0x00007f1f1721e980, 0x00007f1f1721e9c0]
Event: 430.204 Thread 0x00007f1f280b39a0 9004       3       org.eclipse.jdt.ls.core.internal.handlers.ProgressReporterManager$ProgressReporter::subTask (40 bytes)
Event: 430.204 Thread 0x00007f1f280b39a0 nmethod 9004 0x00007f1f10188e10 code [0x00007f1f10188fe0, 0x00007f1f10189310]
Event: 490.710 Thread 0x00007f1f280b39a0 9005       3       java.util.HashSet::size (8 bytes)
Event: 493.096 Thread 0x00007f1f280b39a0 nmethod 9005 0x00007f1f0fef7d10 code [0x00007f1f0fef7ea0, 0x00007f1f0fef81b0]
Event: 529.702 Thread 0x00007f1f280b2490 9006       4       java.util.AbstractCollection::isEmpty (13 bytes)
Event: 557.682 Thread 0x00007f1f280b2490 nmethod 9006 0x00007f1f1721eb10 code [0x00007f1f1721ec80, 0x00007f1f1721ed60]
Event: 557.682 Thread 0x00007f1f280b2490 9007 %     4       jdk.internal.reflect.ClassFileAssembler::emitConstantPoolUTF8 @ 19 (50 bytes)
Event: 560.112 Thread 0x00007f1f280b2490 nmethod 9007% 0x00007f1f1721ee90 code [0x00007f1f1721f060, 0x00007f1f1721f670]
Event: 609.778 Thread 0x00007f1f280b39a0 9008       1       org.eclipse.osgi.internal.framework.EquinoxContainer::getStorage (5 bytes)
Event: 609.779 Thread 0x00007f1f280b39a0 nmethod 9008 0x00007f1f1721fa90 code [0x00007f1f1721fc20, 0x00007f1f1721fcf0]
Event: 635.709 Thread 0x00007f1f280b2490 9009       4       java.lang.Thread::interrupted (23 bytes)

GC Heap History (20 events):
Event: 649.578 GC heap before
{Heap before GC invocations=659 (full 501):
 PSYoungGen      total 17408K, used 12288K [0x00000000f5580000, 0x00000000f6e00000, 0x0000000100000000)
  eden space 12288K, 100% used [0x00000000f5580000,0x00000000f6180000,0x00000000f6180000)
  from space 5120K, 0% used [0x00000000f6180000,0x00000000f6180000,0x00000000f6680000)
  to   space 5632K, 0% used [0x00000000f6880000,0x00000000f6880000,0x00000000f6e00000)
 ParOldGen       total 349696K, used 349694K [0x00000000e0000000, 0x00000000f5580000, 0x00000000f5580000)
  object space 349696K, 99% used [0x00000000e0000000,0x00000000f557f8a0,0x00000000f5580000)
 Metaspace       used 60724K, committed 61888K, reserved 1105920K
  class space    used 6048K, committed 6528K, reserved 1048576K
}
Event: 651.601 GC heap after
{Heap after GC invocations=659 (full 501):
 PSYoungGen      total 17920K, used 12287K [0x00000000f5580000, 0x00000000f6e00000, 0x0000000100000000)
  eden space 12288K, 99% used [0x00000000f5580000,0x00000000f617fcb0,0x00000000f6180000)
  from space 5632K, 0% used [0x00000000f6880000,0x00000000f6880000,0x00000000f6e00000)
  to   space 5120K, 0% used [0x00000000f6180000,0x00000000f6180000,0x00000000f6680000)
 ParOldGen       total 349696K, used 349694K [0x00000000e0000000, 0x00000000f5580000, 0x00000000f5580000)
  object space 349696K, 99% used [0x00000000e0000000,0x00000000f557f800,0x00000000f5580000)
 Metaspace       used 60724K, committed 61888K, reserved 1105920K
  class space    used 6048K, committed 6528K, reserved 1048576K
}
Event: 651.676 GC heap before
{Heap before GC invocations=660 (full 502):
 PSYoungGen      total 17920K, used 12287K [0x00000000f5580000, 0x00000000f6e00000, 0x0000000100000000)
  eden space 12288K, 99% used [0x00000000f5580000,0x00000000f617ff38,0x00000000f6180000)
  from space 5632K, 0% used [0x00000000f6880000,0x00000000f6880000,0x00000000f6e00000)
  to   space 5120K, 0% used [0x00000000f6180000,0x00000000f6180000,0x00000000f6680000)
 ParOldGen       total 349696K, used 349694K [0x00000000e0000000, 0x00000000f5580000, 0x00000000f5580000)
  object space 349696K, 99% used [0x00000000e0000000,0x00000000f557f800,0x00000000f5580000)
 Metaspace       used 60724K, committed 61888K, reserved 1105920K
  class space    used 6048K, committed 6528K, reserved 1048576K
}
Event: 655.294 GC heap after
{Heap after GC invocations=660 (full 502):
 PSYoungGen      total 17408K, used 12287K [0x00000000f5580000, 0x00000000f6e00000, 0x0000000100000000)
  eden space 12288K, 99% used [0x00000000f5580000,0x00000000f617fd70,0x00000000f6180000)
  from space 5120K, 0% used [0x00000000f6180000,0x00000000f6180000,0x00000000f6680000)
  to   space 5632K, 0% used [0x00000000f6880000,0x00000000f6880000,0x00000000f6e00000)
 ParOldGen       total 349696K, used 349693K [0x00000000e0000000, 0x00000000f5580000, 0x00000000f5580000)
  object space 349696K, 99% used [0x00000000e0000000,0x00000000f557f738,0x00000000f5580000)
 Metaspace       used 60724K, committed 61888K, reserved 1105920K
  class space    used 6048K, committed 6528K, reserved 1048576K
}
Event: 655.295 GC heap before
{Heap before GC invocations=661 (full 503):
 PSYoungGen      total 17408K, used 12287K [0x00000000f5580000, 0x00000000f6e00000, 0x0000000100000000)
  eden space 12288K, 99% used [0x00000000f5580000,0x00000000f617ffb0,0x00000000f6180000)
  from space 5120K, 0% used [0x00000000f6180000,0x00000000f6180000,0x00000000f6680000)
  to   space 5632K, 0% used [0x00000000f6880000,0x00000000f6880000,0x00000000f6e00000)
 ParOldGen       total 349696K, used 349693K [0x00000000e0000000, 0x00000000f5580000, 0x00000000f5580000)
  object space 349696K, 99% used [0x00000000e0000000,0x00000000f557f738,0x00000000f5580000)
 Metaspace       used 60724K, committed 61888K, reserved 1105920K
  class space    used 6048K, committed 6528K, reserved 1048576K
}
Event: 658.120 GC heap after
{Heap after GC invocations=661 (full 503):
 PSYoungGen      total 17920K, used 12287K [0x00000000f5580000, 0x00000000f6e00000, 0x0000000100000000)
  eden space 12288K, 99% used [0x00000000f5580000,0x00000000f617fc18,0x00000000f6180000)
  from space 5632K, 0% used [0x00000000f6880000,0x00000000f6880000,0x00000000f6e00000)
  to   space 5120K, 0% used [0x00000000f6180000,0x00000000f6180000,0x00000000f6680000)
 ParOldGen       total 349696K, used 349693K [0x00000000e0000000, 0x00000000f5580000, 0x00000000f5580000)
  object space 349696K, 99% used [0x00000000e0000000,0x00000000f557f690,0x00000000f5580000)
 Metaspace       used 60724K, committed 61888K, reserved 1105920K
  class space    used 6048K, committed 6528K, reserved 1048576K
}
Event: 658.124 GC heap before
{Heap before GC invocations=662 (full 504):
 PSYoungGen      total 17920K, used 12287K [0x00000000f5580000, 0x00000000f6e00000, 0x0000000100000000)
  eden space 12288K, 99% used [0x00000000f5580000,0x00000000f617fff0,0x00000000f6180000)
  from space 5632K, 0% used [0x00000000f6880000,0x00000000f6880000,0x00000000f6e00000)
  to   space 5120K, 0% used [0x00000000f6180000,0x00000000f6180000,0x00000000f6680000)
 ParOldGen       total 349696K, used 349693K [0x00000000e0000000, 0x00000000f5580000, 0x00000000f5580000)
  object space 349696K, 99% used [0x00000000e0000000,0x00000000f557f690,0x00000000f5580000)
 Metaspace       used 60724K, committed 61888K, reserved 1105920K
  class space    used 6048K, committed 6528K, reserved 1048576K
}
Event: 659.287 GC heap after
{Heap after GC invocations=662 (full 504):
 PSYoungGen      total 17408K, used 12287K [0x00000000f5580000, 0x00000000f6e00000, 0x0000000100000000)
  eden space 12288K, 99% used [0x00000000f5580000,0x00000000f617ff28,0x00000000f6180000)
  from space 5120K, 0% used [0x00000000f6180000,0x00000000f6180000,0x00000000f6680000)
  to   space 5632K, 0% used [0x00000000f6880000,0x00000000f6880000,0x00000000f6e00000)
 ParOldGen       total 349696K, used 349693K [0x00000000e0000000, 0x00000000f5580000, 0x00000000f5580000)
  object space 349696K, 99% used [0x00000000e0000000,0x00000000f557f5f0,0x00000000f5580000)
 Metaspace       used 60724K, committed 61888K, reserved 1105920K
  class space    used 6048K, committed 6528K, reserved 1048576K
}
Event: 659.289 GC heap before
{Heap before GC invocations=663 (full 505):
 PSYoungGen      total 17408K, used 12287K [0x00000000f5580000, 0x00000000f6e00000, 0x0000000100000000)
  eden space 12288K, 99% used [0x00000000f5580000,0x00000000f617ffb8,0x00000000f6180000)
  from space 5120K, 0% used [0x00000000f6180000,0x00000000f6180000,0x00000000f6680000)
  to   space 5632K, 0% used [0x00000000f6880000,0x00000000f6880000,0x00000000f6e00000)
 ParOldGen       total 349696K, used 349693K [0x00000000e0000000, 0x00000000f5580000, 0x00000000f5580000)
  object space 349696K, 99% used [0x00000000e0000000,0x00000000f557f5f0,0x00000000f5580000)
 Metaspace       used 60724K, committed 61888K, reserved 1105920K
  class space    used 6048K, committed 6528K, reserved 1048576K
}
Event: 660.417 GC heap after
{Heap after GC invocations=663 (full 505):
 PSYoungGen      total 17920K, used 12287K [0x00000000f5580000, 0x00000000f6e00000, 0x0000000100000000)
  eden space 12288K, 99% used [0x00000000f5580000,0x00000000f617ff98,0x00000000f6180000)
  from space 5632K, 0% used [0x00000000f6880000,0x00000000f6880000,0x00000000f6e00000)
  to   space 5120K, 0% used [0x00000000f6180000,0x00000000f6180000,0x00000000f6680000)
 ParOldGen       total 349696K, used 349693K [0x00000000e0000000, 0x00000000f5580000, 0x00000000f5580000)
  object space 349696K, 99% used [0x00000000e0000000,0x00000000f557f5f0,0x00000000f5580000)
 Metaspace       used 60724K, committed 61888K, reserved 1105920K
  class space    used 6048K, committed 6528K, reserved 1048576K
}
Event: 660.417 GC heap before
{Heap before GC invocations=664 (full 506):
 PSYoungGen      total 17920K, used 12288K [0x00000000f5580000, 0x00000000f6e00000, 0x0000000100000000)
  eden space 12288K, 100% used [0x00000000f5580000,0x00000000f6180000,0x00000000f6180000)
  from space 5632K, 0% used [0x00000000f6880000,0x00000000f6880000,0x00000000f6e00000)
  to   space 5120K, 0% used [0x00000000f6180000,0x00000000f6180000,0x00000000f6680000)
 ParOldGen       total 349696K, used 349693K [0x00000000e0000000, 0x00000000f5580000, 0x00000000f5580000)
  object space 349696K, 99% used [0x00000000e0000000,0x00000000f557f5f0,0x00000000f5580000)
 Metaspace       used 60724K, committed 61888K, reserved 1105920K
  class space    used 6048K, committed 6528K, reserved 1048576K
}
Event: 661.675 GC heap after
{Heap after GC invocations=664 (full 506):
 PSYoungGen      total 17408K, used 12287K [0x00000000f5580000, 0x00000000f6e00000, 0x0000000100000000)
  eden space 12288K, 99% used [0x00000000f5580000,0x00000000f617ffc0,0x00000000f6180000)
  from space 5120K, 0% used [0x00000000f6180000,0x00000000f6180000,0x00000000f6680000)
  to   space 5632K, 0% used [0x00000000f6880000,0x00000000f6880000,0x00000000f6e00000)
 ParOldGen       total 349696K, used 349693K [0x00000000e0000000, 0x00000000f5580000, 0x00000000f5580000)
  object space 349696K, 99% used [0x00000000e0000000,0x00000000f557f5f0,0x00000000f5580000)
 Metaspace       used 60724K, committed 61888K, reserved 1105920K
  class space    used 6048K, committed 6528K, reserved 1048576K
}
Event: 661.676 GC heap before
{Heap before GC invocations=665 (full 507):
 PSYoungGen      total 17408K, used 12287K [0x00000000f5580000, 0x00000000f6e00000, 0x0000000100000000)
  eden space 12288K, 99% used [0x00000000f5580000,0x00000000f617fff0,0x00000000f6180000)
  from space 5120K, 0% used [0x00000000f6180000,0x00000000f6180000,0x00000000f6680000)
  to   space 5632K, 0% used [0x00000000f6880000,0x00000000f6880000,0x00000000f6e00000)
 ParOldGen       total 349696K, used 349693K [0x00000000e0000000, 0x00000000f5580000, 0x00000000f5580000)
  object space 349696K, 99% used [0x00000000e0000000,0x00000000f557f5f0,0x00000000f5580000)
 Metaspace       used 60724K, committed 61888K, reserved 1105920K
  class space    used 6048K, committed 6528K, reserved 1048576K
}
Event: 662.839 GC heap after
{Heap after GC invocations=665 (full 507):
 PSYoungGen      total 17920K, used 12287K [0x00000000f5580000, 0x00000000f6e00000, 0x0000000100000000)
  eden space 12288K, 99% used [0x00000000f5580000,0x00000000f617fff0,0x00000000f6180000)
  from space 5632K, 0% used [0x00000000f6880000,0x00000000f6880000,0x00000000f6e00000)
  to   space 5120K, 0% used [0x00000000f6180000,0x00000000f6180000,0x00000000f6680000)
 ParOldGen       total 349696K, used 349693K [0x00000000e0000000, 0x00000000f5580000, 0x00000000f5580000)
  object space 349696K, 99% used [0x00000000e0000000,0x00000000f557f5f0,0x00000000f5580000)
 Metaspace       used 60724K, committed 61888K, reserved 1105920K
  class space    used 6048K, committed 6528K, reserved 1048576K
}
Event: 662.840 GC heap before
{Heap before GC invocations=666 (full 508):
 PSYoungGen      total 17920K, used 12288K [0x00000000f5580000, 0x00000000f6e00000, 0x0000000100000000)
  eden space 12288K, 100% used [0x00000000f5580000,0x00000000f6180000,0x00000000f6180000)
  from space 5632K, 0% used [0x00000000f6880000,0x00000000f6880000,0x00000000f6e00000)
  to   space 5120K, 0% used [0x00000000f6180000,0x00000000f6180000,0x00000000f6680000)
 ParOldGen       total 349696K, used 349695K [0x00000000e0000000, 0x00000000f5580000, 0x00000000f5580000)
  object space 349696K, 99% used [0x00000000e0000000,0x00000000f557fff8,0x00000000f5580000)
 Metaspace       used 60724K, committed 61888K, reserved 1105920K
  class space    used 6048K, committed 6528K, reserved 1048576K
}
Event: 664.186 GC heap after
{Heap after GC invocations=666 (full 508):
 PSYoungGen      total 17408K, used 12287K [0x00000000f5580000, 0x00000000f6e00000, 0x0000000100000000)
  eden space 12288K, 99% used [0x00000000f5580000,0x00000000f617ff88,0x00000000f6180000)
  from space 5120K, 0% used [0x00000000f6180000,0x00000000f6180000,0x00000000f6680000)
  to   space 5632K, 0% used [0x00000000f6880000,0x00000000f6880000,0x00000000f6e00000)
 ParOldGen       total 349696K, used 349694K [0x00000000e0000000, 0x00000000f5580000, 0x00000000f5580000)
  object space 349696K, 99% used [0x00000000e0000000,0x00000000f557f840,0x00000000f5580000)
 Metaspace       used 60724K, committed 61888K, reserved 1105920K
  class space    used 6048K, committed 6528K, reserved 1048576K
}
Event: 664.188 GC heap before
{Heap before GC invocations=667 (full 509):
 PSYoungGen      total 17408K, used 12288K [0x00000000f5580000, 0x00000000f6e00000, 0x0000000100000000)
  eden space 12288K, 100% used [0x00000000f5580000,0x00000000f6180000,0x00000000f6180000)
  from space 5120K, 0% used [0x00000000f6180000,0x00000000f6180000,0x00000000f6680000)
  to   space 5632K, 0% used [0x00000000f6880000,0x00000000f6880000,0x00000000f6e00000)
 ParOldGen       total 349696K, used 349694K [0x00000000e0000000, 0x00000000f5580000, 0x00000000f5580000)
  object space 349696K, 99% used [0x00000000e0000000,0x00000000f557f9a8,0x00000000f5580000)
 Metaspace       used 60724K, committed 61888K, reserved 1105920K
  class space    used 6048K, committed 6528K, reserved 1048576K
}
Event: 665.374 GC heap after
{Heap after GC invocations=667 (full 509):
 PSYoungGen      total 17920K, used 12287K [0x00000000f5580000, 0x00000000f6e00000, 0x0000000100000000)
  eden space 12288K, 99% used [0x00000000f5580000,0x00000000f617ff00,0x00000000f6180000)
  from space 5632K, 0% used [0x00000000f6880000,0x00000000f6880000,0x00000000f6e00000)
  to   space 5120K, 0% used [0x00000000f6180000,0x00000000f6180000,0x00000000f6680000)
 ParOldGen       total 349696K, used 349694K [0x00000000e0000000, 0x00000000f5580000, 0x00000000f5580000)
  object space 349696K, 99% used [0x00000000e0000000,0x00000000f557f820,0x00000000f5580000)
 Metaspace       used 60724K, committed 61888K, reserved 1105920K
  class space    used 6048K, committed 6528K, reserved 1048576K
}
Event: 665.374 GC heap before
{Heap before GC invocations=668 (full 510):
 PSYoungGen      total 17920K, used 12287K [0x00000000f5580000, 0x00000000f6e00000, 0x0000000100000000)
  eden space 12288K, 99% used [0x00000000f5580000,0x00000000f617ff00,0x00000000f6180000)
  from space 5632K, 0% used [0x00000000f6880000,0x00000000f6880000,0x00000000f6e00000)
  to   space 5120K, 0% used [0x00000000f6180000,0x00000000f6180000,0x00000000f6680000)
 ParOldGen       total 349696K, used 349694K [0x00000000e0000000, 0x00000000f5580000, 0x00000000f5580000)
  object space 349696K, 99% used [0x00000000e0000000,0x00000000f557f820,0x00000000f5580000)
 Metaspace       used 60724K, committed 61888K, reserved 1105920K
  class space    used 6048K, committed 6528K, reserved 1048576K
}
Event: 666.618 GC heap after
{Heap after GC invocations=668 (full 510):
 PSYoungGen      total 17408K, used 12287K [0x00000000f5580000, 0x00000000f6e00000, 0x0000000100000000)
  eden space 12288K, 99% used [0x00000000f5580000,0x00000000f617ff00,0x00000000f6180000)
  from space 5120K, 0% used [0x00000000f6180000,0x00000000f6180000,0x00000000f6680000)
  to   space 5632K, 0% used [0x00000000f6880000,0x00000000f6880000,0x00000000f6e00000)
 ParOldGen       total 349696K, used 349694K [0x00000000e0000000, 0x00000000f5580000, 0x00000000f5580000)
  object space 349696K, 99% used [0x00000000e0000000,0x00000000f557f820,0x00000000f5580000)
 Metaspace       used 60724K, committed 61888K, reserved 1105920K
  class space    used 6048K, committed 6528K, reserved 1048576K
}

Dll operation events (9 events):
Event: 0.002 Loaded shared library /nix/store/gpxl5qgg8kicmcvivwmybwjlpf7wh20l-graalvm17-ce-22.3.0/lib/libjava.so
Event: 0.008 Loaded shared library /nix/store/gpxl5qgg8kicmcvivwmybwjlpf7wh20l-graalvm17-ce-22.3.0/lib/libjsvml.so
Event: 0.188 Loaded shared library /nix/store/gpxl5qgg8kicmcvivwmybwjlpf7wh20l-graalvm17-ce-22.3.0/lib/libnio.so
Event: 0.192 Loaded shared library /nix/store/gpxl5qgg8kicmcvivwmybwjlpf7wh20l-graalvm17-ce-22.3.0/lib/libzip.so
Event: 0.195 Loaded shared library /nix/store/gpxl5qgg8kicmcvivwmybwjlpf7wh20l-graalvm17-ce-22.3.0/lib/libjvmcicompiler.so
Event: 0.584 Loaded shared library /nix/store/gpxl5qgg8kicmcvivwmybwjlpf7wh20l-graalvm17-ce-22.3.0/lib/libjimage.so
Event: 1.109 Loaded shared library /nix/store/gpxl5qgg8kicmcvivwmybwjlpf7wh20l-graalvm17-ce-22.3.0/lib/libnet.so
Event: 4.917 Loaded shared library /home/runner/.cache/jdt-language-server/config/org.eclipse.equinox.launcher/org.eclipse.equinox.launcher.gtk.linux.x86_64_1.2.400.v20211117-0650/eclipse_11600.so
Event: 14.079 Loaded shared library /nix/store/gpxl5qgg8kicmcvivwmybwjlpf7wh20l-graalvm17-ce-22.3.0/lib/libextnet.so

Deoptimization events (20 events):
Event: 79.380 Thread 0x00007f1ebc480f10 DEOPT PACKING pc=0x00007f1f1054c4dd sp=0x00007f1ed55fe530
Event: 79.380 Thread 0x00007f1ebc480f10 DEOPT UNPACKING pc=0x00007f1f0f505325 sp=0x00007f1ed55fda20 mode 0
Event: 79.404 Thread 0x00007f1ebc480f10 DEOPT PACKING pc=0x00007f1f1054c4dd sp=0x00007f1ed55fe530
Event: 79.404 Thread 0x00007f1ebc480f10 DEOPT UNPACKING pc=0x00007f1f0f505325 sp=0x00007f1ed55fda20 mode 0
Event: 79.407 Thread 0x00007f1ebc480f10 DEOPT PACKING pc=0x00007f1f1054c4dd sp=0x00007f1ed55fe530
Event: 79.407 Thread 0x00007f1ebc480f10 DEOPT UNPACKING pc=0x00007f1f0f505325 sp=0x00007f1ed55fda20 mode 0
Event: 79.415 Thread 0x00007f1ebc480f10 DEOPT PACKING pc=0x00007f1f1054c4dd sp=0x00007f1ed55fe530
Event: 79.415 Thread 0x00007f1ebc480f10 DEOPT UNPACKING pc=0x00007f1f0f505325 sp=0x00007f1ed55fda20 mode 0
Event: 79.416 Thread 0x00007f1ebc480f10 DEOPT PACKING pc=0x00007f1f1054c4dd sp=0x00007f1ed55fe530
Event: 79.416 Thread 0x00007f1ebc480f10 DEOPT UNPACKING pc=0x00007f1f0f505325 sp=0x00007f1ed55fda20 mode 0
Event: 79.475 Thread 0x00007f1ebc480f10 DEOPT PACKING pc=0x00007f1f1054c4dd sp=0x00007f1ed55fe530
Event: 79.475 Thread 0x00007f1ebc480f10 DEOPT UNPACKING pc=0x00007f1f0f505325 sp=0x00007f1ed55fda20 mode 0
Event: 79.476 Thread 0x00007f1ebc480f10 DEOPT PACKING pc=0x00007f1f1054c4dd sp=0x00007f1ed55fe530
Event: 79.476 Thread 0x00007f1ebc480f10 DEOPT UNPACKING pc=0x00007f1f0f505325 sp=0x00007f1ed55fda20 mode 0
Event: 79.483 Thread 0x00007f1ebc480f10 DEOPT PACKING pc=0x00007f1f1054c4dd sp=0x00007f1ed55fe530
Event: 79.483 Thread 0x00007f1ebc480f10 DEOPT UNPACKING pc=0x00007f1f0f505325 sp=0x00007f1ed55fda20 mode 0
Event: 381.119 Thread 0x00007f1f28417f70 Uncommon trap: trap_request=0xffffffed fr.pc=0x00007f1f1706628a relative=0x000000000000008a
Event: 381.119 Thread 0x00007f1f28417f70 Uncommon trap: reason=null_assert_or_unreached0 action=reinterpret pc=0x00007f1f1706628a method=org.eclipse.core.runtime.Path.isRoot()Z @ 0 jvmci
Event: 381.119 Thread 0x00007f1f28417f70 DEOPT PACKING pc=0x00007f1f1706628a sp=0x00007f1ed4dfd6c0
Event: 381.119 Thread 0x00007f1f28417f70 DEOPT UNPACKING pc=0x00007f1f0f505325 sp=0x00007f1ed4dfcb68 mode 3

Classes unloaded (20 events):
Event: 78.409 Thread 0x00007f1f280a1c10 Unloading class 0x0000000800ef4000 'jdk/internal/reflect/GeneratedConstructorAccessor8'
Event: 78.409 Thread 0x00007f1f280a1c10 Unloading class 0x0000000800d99000 'java/lang/invoke/LambdaForm$MH+0x0000000800d99000'
Event: 78.409 Thread 0x00007f1f280a1c10 Unloading class 0x0000000800d98c00 'java/lang/invoke/LambdaForm$MH+0x0000000800d98c00'
Event: 78.409 Thread 0x00007f1f280a1c10 Unloading class 0x0000000800d98800 'java/lang/invoke/LambdaForm$MH+0x0000000800d98800'
Event: 78.409 Thread 0x00007f1f280a1c10 Unloading class 0x0000000800d98400 'java/lang/invoke/LambdaForm$MH+0x0000000800d98400'
Event: 78.409 Thread 0x00007f1f280a1c10 Unloading class 0x0000000800d98000 'jdk/internal/reflect/GeneratedConstructorAccessor3'
Event: 78.409 Thread 0x00007f1f280a1c10 Unloading class 0x0000000800d06800 'java/lang/invoke/LambdaForm$MH+0x0000000800d06800'
Event: 78.409 Thread 0x00007f1f280a1c10 Unloading class 0x0000000800d06000 'java/lang/invoke/LambdaForm$MH+0x0000000800d06000'
Event: 78.409 Thread 0x00007f1f280a1c10 Unloading class 0x0000000800d05c00 'java/lang/invoke/LambdaForm$MH+0x0000000800d05c00'
Event: 78.409 Thread 0x00007f1f280a1c10 Unloading class 0x0000000800d05800 'java/lang/invoke/LambdaForm$MH+0x0000000800d05800'
Event: 78.409 Thread 0x00007f1f280a1c10 Unloading class 0x0000000800d05000 'java/lang/invoke/LambdaForm$MH+0x0000000800d05000'
Event: 78.409 Thread 0x00007f1f280a1c10 Unloading class 0x0000000800d04c00 'java/lang/invoke/LambdaForm$MH+0x0000000800d04c00'
Event: 78.409 Thread 0x00007f1f280a1c10 Unloading class 0x0000000800d04800 'java/lang/invoke/LambdaForm$MH+0x0000000800d04800'
Event: 78.409 Thread 0x00007f1f280a1c10 Unloading class 0x0000000800d04000 'java/lang/invoke/LambdaForm$MH+0x0000000800d04000'
Event: 78.409 Thread 0x00007f1f280a1c10 Unloading class 0x0000000800c1d000 'jdk/internal/reflect/GeneratedMethodAccessor5'
Event: 78.409 Thread 0x00007f1f280a1c10 Unloading class 0x0000000800c1cc00 'jdk/internal/reflect/GeneratedMethodAccessor4'
Event: 78.409 Thread 0x00007f1f280a1c10 Unloading class 0x0000000800c1c800 'jdk/internal/reflect/GeneratedMethodAccessor3'
Event: 78.409 Thread 0x00007f1f280a1c10 Unloading class 0x0000000800c1c400 'jdk/internal/reflect/GeneratedMethodAccessor2'
Event: 78.409 Thread 0x00007f1f280a1c10 Unloading class 0x0000000800c1c000 'jdk/internal/reflect/GeneratedMethodAccessor1'
Event: 78.409 Thread 0x00007f1f280a1c10 Unloading class 0x0000000800c01c00 'java/lang/invoke/LambdaForm$DMH+0x0000000800c01c00'

Classes redefined (0 events):
No events

Internal exceptions (20 events):
Event: 40.885 Thread 0x00007f1eb00010d0 Exception <a 'java/lang/NoSuchMethodError'{0x00000000f55c7d40}: 'java.lang.Object java.lang.invoke.DirectMethodHandle$Holder.invokeStatic(java.lang.Object, java.lang.Object, java.lang.Object, long)'> (0x00000000f55c7d40) 
thrown [src/hotspot/share/interpreter/linkResolver.cpp, line 758]
Event: 40.886 Thread 0x00007f1eb00010d0 Exception <a 'java/lang/NoSuchMethodError'{0x00000000f57d71f8}: 'java.lang.Object java.lang.invoke.DirectMethodHandle$Holder.newInvokeSpecial(java.lang.Object, java.lang.Object, java.lang.Object, long)'> (0x00000000f57d71f8) 
thrown [src/hotspot/share/interpreter/linkResolver.cpp, line 758]
Event: 40.886 Thread 0x00007f1eb00010d0 Exception <a 'java/lang/NoSuchMethodError'{0x00000000f57db310}: 'java.lang.Object java.lang.invoke.DirectMethodHandle$Holder.invokeSpecial(java.lang.Object, java.lang.Object, java.lang.Object, java.lang.Object, long)'> (0x00000000f57db310) 
thrown [src/hotspot/share/interpreter/linkResolver.cpp, line 758]
Event: 40.889 Thread 0x00007f1eb00010d0 Exception <a 'java/lang/NoSuchMethodError'{0x00000000f57f5400}: 'java.lang.Object java.lang.invoke.Invokers$Holder.linkToTargetMethod(java.lang.Object, java.lang.Object, long, java.lang.Object)'> (0x00000000f57f5400) 
thrown [src/hotspot/share/interpreter/linkResolver.cpp, line 758]
Event: 40.899 Thread 0x00007f1eb00010d0 Exception <a 'java/io/FileNotFoundException'{0x00000000f5939880}> (0x00000000f5939880) 
thrown [src/hotspot/share/prims/jni.cpp, line 516]
Event: 40.978 Thread 0x00007f1eb00010d0 Exception <a 'java/lang/NoSuchMethodError'{0x00000000f5caf430}: 'java.lang.Object java.lang.invoke.DirectMethodHandle$Holder.newInvokeSpecial(java.lang.Object, java.lang.Object, int, java.lang.Object, java.lang.Object)'> (0x00000000f5caf430) 
thrown [src/hotspot/share/interpreter/linkResolver.cpp, line 758]
Event: 40.994 Thread 0x00007f1eb00010d0 Exception <a 'java/lang/NoSuchMethodError'{0x00000000f55a36c0}: 'java.lang.Object java.lang.invoke.DirectMethodHandle$Holder.invokeSpecial(java.lang.Object, java.lang.Object, java.lang.Object, int, java.lang.Object, java.lang.Object)'> (0x00000000f55a36c0) 
thrown [src/hotspot/share/interpreter/linkResolver.cpp, line 758]
Event: 41.177 Thread 0x00007f1eb00010d0 Exception <a 'java/lang/NoSuchMethodError'{0x00000000f5aca5e8}: 'java.lang.Object java.lang.invoke.DirectMethodHandle$Holder.newInvokeSpecial(java.lang.Object, java.lang.Object, java.lang.Object, int, java.lang.Object)'> (0x00000000f5aca5e8) 
thrown [src/hotspot/share/interpreter/linkResolver.cpp, line 758]
Event: 41.177 Thread 0x00007f1eb00010d0 Exception <a 'java/lang/NoSuchMethodError'{0x00000000f5b0ac80}: 'java.lang.Object java.lang.invoke.DirectMethodHandle$Holder.invokeSpecial(java.lang.Object, java.lang.Object, java.lang.Object, java.lang.Object, int, java.lang.Object)'> (0x00000000f5b0ac80) 
thrown [src/hotspot/share/interpreter/linkResolver.cpp, line 758]
Event: 41.178 Thread 0x00007f1eb00010d0 Exception <a 'java/lang/NoSuchMethodError'{0x00000000f5b0e768}: 'java.lang.Object java.lang.invoke.Invokers$Holder.linkToTargetMethod(java.lang.Object, java.lang.Object, int, java.lang.Object, java.lang.Object)'> (0x00000000f5b0e768) 
thrown [src/hotspot/share/interpreter/linkResolver.cpp, line 758]
Event: 45.013 Thread 0x00007f1e98158570 Exception <a 'java/lang/ArrayIndexOutOfBoundsException'{0x00000000f5a6cca0}: Index 107 out of bounds for length 107> (0x00000000f5a6cca0) 
thrown [src/hotspot/share/interpreter/interpreterRuntime.cpp, line 428]
Event: 45.214 Thread 0x00007f1e98158570 Implicit null exception at 0x00007f1f170c58e9 to 0x00007f1f170c5a9b
Event: 45.874 Thread 0x00007f1ebc480f10 Implicit null exception at 0x00007f1f1718d192 to 0x00007f1f17191424
Event: 45.907 Thread 0x00007f1e98158570 Exception <a 'java/lang/ArrayIndexOutOfBoundsException'{0x00000000f5c2ed90}: Index 107 out of bounds for length 107> (0x00000000f5c2ed90) 
thrown [src/hotspot/share/interpreter/interpreterRuntime.cpp, line 428]
Event: 51.080 Thread 0x00007f1e98153010 Exception <a 'java/io/FileNotFoundException'{0x00000000f625c8b0}> (0x00000000f625c8b0) 
thrown [src/hotspot/share/prims/jni.cpp, line 516]
Event: 52.182 Thread 0x00007f1e98153010 Exception <a 'java/lang/NoSuchMethodError'{0x00000000f572d7d0}: 'java.lang.Object java.lang.invoke.DirectMethodHandle$Holder.invokeStatic(java.lang.Object, int, java.lang.Object, java.lang.Object, java.lang.Object, java.lang.Object)'> (0x00000000f572d7d0) 
thrown [src/hotspot/share/interpreter/linkResolver.cpp, line 758]
Event: 52.183 Thread 0x00007f1e98153010 Exception <a 'java/lang/NoSuchMethodError'{0x00000000f5735cf0}: 'java.lang.Object java.lang.invoke.DirectMethodHandle$Holder.newInvokeSpecial(java.lang.Object, int, java.lang.Object, java.lang.Object, java.lang.Object)'> (0x00000000f5735cf0) 
thrown [src/hotspot/share/interpreter/linkResolver.cpp, line 758]
Event: 52.416 Thread 0x00007f1e98153010 Exception <a 'java/lang/NoSuchMethodError'{0x00000000f6018248}: 'void java.lang.invoke.DirectMethodHandle$Holder.invokeSpecial(java.lang.Object, java.lang.Object, int)'> (0x00000000f6018248) 
thrown [src/hotspot/share/interpreter/linkResolver.cpp, line 758]
Event: 53.287 Thread 0x00007f1e98153010 Exception <a 'java/lang/NoSuchMethodError'{0x00000000f586f4f8}: 'int java.lang.invoke.DirectMethodHandle$Holder.invokeSpecialIFC(java.lang.Object, java.lang.Object, java.lang.Object, java.lang.Object)'> (0x00000000f586f4f8) 
thrown [src/hotspot/share/interpreter/linkResolver.cpp, line 758]
Event: 666.618 Thread 0x00007f1f280b2490 Exception <a 'java/lang/OutOfMemoryError'{0x00000000e0010770}> (0x00000000e0010770) 
thrown [src/hotspot/share/gc/shared/memAllocator.cpp, line 136]

VM Operations (20 events):
Event: 648.378 Executing VM operation: ParallelGCFailedAllocation
Event: 649.577 Executing VM operation: ParallelGCFailedAllocation done
Event: 649.578 Executing VM operation: ParallelGCFailedAllocation
Event: 651.601 Executing VM operation: ParallelGCFailedAllocation done
Event: 651.673 Executing VM operation: ParallelGCFailedAllocation
Event: 655.294 Executing VM operation: ParallelGCFailedAllocation done
Event: 655.295 Executing VM operation: ParallelGCFailedAllocation
Event: 658.121 Executing VM operation: ParallelGCFailedAllocation done
Event: 658.121 Executing VM operation: ParallelGCFailedAllocation
Event: 659.288 Executing VM operation: ParallelGCFailedAllocation done
Event: 659.288 Executing VM operation: ParallelGCFailedAllocation
Event: 660.417 Executing VM operation: ParallelGCFailedAllocation done
Event: 660.417 Executing VM operation: ParallelGCFailedAllocation
Event: 661.675 Executing VM operation: ParallelGCFailedAllocation done
Event: 661.675 Executing VM operation: ParallelGCFailedAllocation
Event: 662.840 Executing VM operation: ParallelGCFailedAllocation done
Event: 662.840 Executing VM operation: ParallelGCFailedAllocation
Event: 664.186 Executing VM operation: ParallelGCFailedAllocation done
Event: 664.187 Executing VM operation: ParallelGCFailedAllocation
Event: 666.618 Executing VM operation: ParallelGCFailedAllocation done

Events (20 events):
Event: 61.286 Thread 0x00007f1f2822f960 Thread exited: 0x00007f1f2822f960
Event: 94.577 Thread 0x00007f1eb841a730 Thread exited: 0x00007f1eb841a730
Event: 94.577 Thread 0x00007f1e7c003390 Thread exited: 0x00007f1e7c003390
Event: 113.192 Thread 0x00007f1e94000ff0 Thread exited: 0x00007f1e94000ff0
Event: 113.192 Thread 0x00007f1eb8001580 Thread exited: 0x00007f1eb8001580
Event: 113.193 Thread 0x00007f1ebc304760 Thread exited: 0x00007f1ebc304760
Event: 366.178 loading class java/io/InterruptedIOException
Event: 366.178 loading class java/io/InterruptedIOException done
Event: 366.178 loading class javax/net/ssl/SSLException
Event: 366.178 loading class javax/net/ssl/SSLException done
Event: 373.196 loading class java/lang/AssertionError
Event: 375.492 loading class java/lang/AssertionError done
Event: 392.803 Thread 0x00007f1e7c001dd0 Thread exited: 0x00007f1e7c001dd0
Event: 394.013 Thread 0x00007f1eb8413c70 Thread exited: 0x00007f1eb8413c70
Event: 394.014 Thread 0x00007f1e90009760 Thread added: 0x00007f1e90009760
Event: 394.014 Protecting memory [0x00007f1f0c100000,0x00007f1f0c104000] with protection modes 0
Event: 395.513 Thread 0x00007f1e9000aa00 Thread added: 0x00007f1e9000aa00
Event: 395.513 Protecting memory [0x00007f1ed5400000,0x00007f1ed5404000] with protection modes 0
Event: 399.215 Thread 0x00007f1e9000aa00 Thread exited: 0x00007f1e9000aa00
Event: 417.300 Thread 0x00007f1eb8414cc0 Thread exited: 0x00007f1eb8414cc0


Dynamic libraries:
e0000000-f5580000 rw-p 00000000 00:00 0 
f5580000-f6e00000 rw-p 00000000 00:00 0 
f6e00000-100000000 ---p 00000000 00:00 0 
800000000-800449000 rw-p 00001000 00:158e 4611686019135357769            /nix/store/gpxl5qgg8kicmcvivwmybwjlpf7wh20l-graalvm17-ce-22.3.0/lib/server/classes.jsa
800449000-800bc8000 r--p 0044a000 00:158e 4611686019135357769            /nix/store/gpxl5qgg8kicmcvivwmybwjlpf7wh20l-graalvm17-ce-22.3.0/lib/server/classes.jsa
800bc8000-800c00000 ---p 00000000 00:00 0 
800c00000-800c20000 rw-p 00000000 00:00 0 
800c20000-800c40000 rw-p 00000000 00:00 0 
800c40000-800cc0000 rw-p 00000000 00:00 0 
800cc0000-800d00000 rw-p 00000000 00:00 0 
800d00000-800dc0000 rw-p 00000000 00:00 0 
800dc0000-800e00000 rw-p 00000000 00:00 0 
800e00000-800f40000 rw-p 00000000 00:00 0 
800f40000-800fc0000 rw-p 00000000 00:00 0 
800fc0000-801000000 rw-p 00000000 00:00 0 
801000000-801260000 rw-p 00000000 00:00 0 
801260000-840c00000 ---p 00000000 00:00 0 
5566a4388000-5566a4389000 r-xp 00000000 00:158e 4611686019099417844      /nix/store/gpxl5qgg8kicmcvivwmybwjlpf7wh20l-graalvm17-ce-22.3.0/bin/.java-wrapped
5566a438a000-5566a438b000 r--p 00001000 00:158e 4611686019099417844      /nix/store/gpxl5qgg8kicmcvivwmybwjlpf7wh20l-graalvm17-ce-22.3.0/bin/.java-wrapped
5566a438b000-5566a438c000 rw-p 00002000 00:158e 4611686019099417844      /nix/store/gpxl5qgg8kicmcvivwmybwjlpf7wh20l-graalvm17-ce-22.3.0/bin/.java-wrapped
5566a438c000-5566a438d000 rw-p 00004000 00:158e 4611686019099417844      /nix/store/gpxl5qgg8kicmcvivwmybwjlpf7wh20l-graalvm17-ce-22.3.0/bin/.java-wrapped
5566a438d000-5566a438e000 rw-p 00005000 00:158e 4611686019099417844      /nix/store/gpxl5qgg8kicmcvivwmybwjlpf7wh20l-graalvm17-ce-22.3.0/bin/.java-wrapped
5566a54a9000-5566a54f1000 rw-p 00000000 00:00 0                          [heap]
7f1e64000000-7f1e64194000 rw-p 00000000 00:00 0 
7f1e64194000-7f1e68000000 ---p 00000000 00:00 0 
7f1e68000000-7f1e680d3000 rw-p 00000000 00:00 0 
7f1e680d3000-7f1e6c000000 ---p 00000000 00:00 0 
7f1e6c000000-7f1e6c021000 rw-p 00000000 00:00 0 
7f1e6c021000-7f1e70000000 ---p 00000000 00:00 0 
7f1e70000000-7f1e70021000 rw-p 00000000 00:00 0 
7f1e70021000-7f1e74000000 ---p 00000000 00:00 0 
7f1e74000000-7f1e74021000 rw-p 00000000 00:00 0 
7f1e74021000-7f1e78000000 ---p 00000000 00:00 0 
7f1e78000000-7f1e78021000 rw-p 00000000 00:00 0 
7f1e78021000-7f1e7c000000 ---p 00000000 00:00 0 
7f1e7c000000-7f1e7c021000 rw-p 00000000 00:00 0 
7f1e7c021000-7f1e80000000 ---p 00000000 00:00 0 
7f1e80800000-7f1e80ec0000 rw-p 00000000 00:00 0 
7f1e80ec0000-7f1e81000000 ---p 00000000 00:00 0 
7f1e81000000-7f1e81180000 rw-p 00000000 00:00 0 
7f1e81180000-7f1e81200000 rw-p 00000000 00:00 0 
7f1e81200000-7f1e81560000 rw-p 00000000 00:00 0 
7f1e81560000-7f1e81650000 rw-p 00000000 00:00 0 
7f1e81650000-7f1e81700000 ---p 00000000 00:00 0 
7f1e81700000-7f1e81800000 rw-p 00000000 00:00 0 
7f1e81cb3000-7f1e8b800000 r--s 00000000 00:158e 4611686019135192581      /nix/store/gpxl5qgg8kicmcvivwmybwjlpf7wh20l-graalvm17-ce-22.3.0/lib/modules
7f1e8b800000-7f1e8b900000 rw-p 00000000 00:00 0 
7f1e8b900000-7f1e8ba00000 rw-p 00000000 00:00 0 
7f1e8ba00000-7f1e8c000000 rw-p 00000000 00:00 0 
7f1e8c000000-7f1e8c108000 rw-p 00000000 00:00 0 
7f1e8c108000-7f1e90000000 ---p 00000000 00:00 0 
7f1e90000000-7f1e9004e000 rw-p 00000000 00:00 0 
7f1e9004e000-7f1e94000000 ---p 00000000 00:00 0 
7f1e94000000-7f1e940ed000 rw-p 00000000 00:00 0 
7f1e940ed000-7f1e98000000 ---p 00000000 00:00 0 
7f1e98000000-7f1e98176000 rw-p 00000000 00:00 0 
7f1e98176000-7f1e9c000000 ---p 00000000 00:00 0 
7f1e9c000000-7f1e9c021000 rw-p 00000000 00:00 0 
7f1e9c021000-7f1ea0000000 ---p 00000000 00:00 0 
7f1ea0000000-7f1ea0021000 rw-p 00000000 00:00 0 
7f1ea0021000-7f1ea4000000 ---p 00000000 00:00 0 
7f1ea4000000-7f1ea407f000 rw-p 00000000 00:00 0 
7f1ea407f000-7f1ea8000000 ---p 00000000 00:00 0 
7f1ea8000000-7f1ea8077000 rw-p 00000000 00:00 0 
7f1ea8077000-7f1eac000000 ---p 00000000 00:00 0 
7f1eac000000-7f1eac021000 rw-p 00000000 00:00 0 
7f1eac021000-7f1eb0000000 ---p 00000000 00:00 0 
7f1eb0000000-7f1eb0319000 rw-p 00000000 00:00 0 
7f1eb0319000-7f1eb4000000 ---p 00000000 00:00 0 
7f1eb4000000-7f1eb4021000 rw-p 00000000 00:00 0 
7f1eb4021000-7f1eb8000000 ---p 00000000 00:00 0 
7f1eb8000000-7f1eb84d4000 rw-p 00000000 00:00 0 
7f1eb84d4000-7f1ebc000000 ---p 00000000 00:00 0 
7f1ebc000000-7f1ebc8ba000 rw-p 00000000 00:00 0 
7f1ebc8ba000-7f1ec0000000 ---p 00000000 00:00 0 
7f1ec0000000-7f1ec0035000 rw-p 00000000 00:00 0 
7f1ec0035000-7f1ec4000000 ---p 00000000 00:00 0 
7f1ec4000000-7f1ec4021000 rw-p 00000000 00:00 0 
7f1ec4021000-7f1ec8000000 ---p 00000000 00:00 0 
7f1ec8000000-7f1ec8021000 rw-p 00000000 00:00 0 
7f1ec8021000-7f1ecc000000 ---p 00000000 00:00 0 
7f1ecc000000-7f1ecc021000 rw-p 00000000 00:00 0 
7f1ecc021000-7f1ed0000000 ---p 00000000 00:00 0 
7f1ed0400000-7f1ed0500000 rw-p 00000000 00:00 0 
7f1ed0500000-7f1ed0580000 rw-p 00000000 00:00 0 
7f1ed0580000-7f1ed0600000 rw-p 00000000 00:00 0 
7f1ed0600000-7f1ed06e0000 rw-p 00000000 00:00 0 
7f1ed06e0000-7f1ed0700000 rw-p 00000000 00:00 0 
7f1ed0700000-7f1ed0900000 rw-p 00000000 00:00 0 
7f1ed0900000-7f1ed0a00000 rw-p 00000000 00:00 0 
7f1ed0a00000-7f1ed0c00000 rw-p 00000000 00:00 0 
7f1ed0c00000-7f1ed0d00000 rw-p 00000000 00:00 0 
7f1ed0d00000-7f1ed0e00000 rw-p 00000000 00:00 0 
7f1ed0e00000-7f1ed13c0000 rw-p 00000000 00:00 0 
7f1ed13c0000-7f1ed1400000 rw-p 00000000 00:00 0 
7f1ed1400000-7f1ed1500000 rw-p 00000000 00:00 0 
7f1ed1500000-7f1ed1600000 rw-p 00000000 00:00 0 
7f1ed1600000-7f1ed1900000 rw-p 00000000 00:00 0 
7f1ed1900000-7f1ed1a00000 rw-p 00000000 00:00 0 
7f1ed1a00000-7f1ed1c00000 rw-p 00000000 00:00 0 
7f1ed2a00000-7f1ed2a10000 r-xp 00000000 00:158b 353                      /home/runner/.cache/jdt-language-server/config/org.eclipse.equinox.launcher/org.eclipse.equinox.launcher.gtk.linux.x86_64_1.2.400.v20211117-0650/eclipse_11600.so
7f1ed2a10000-7f1ed2c0f000 ---p 00010000 00:158b 353                      /home/runner/.cache/jdt-language-server/config/org.eclipse.equinox.launcher/org.eclipse.equinox.launcher.gtk.linux.x86_64_1.2.400.v20211117-0650/eclipse_11600.so
7f1ed2c0f000-7f1ed2c10000 r--p 0000f000 00:158b 353                      /home/runner/.cache/jdt-language-server/config/org.eclipse.equinox.launcher/org.eclipse.equinox.launcher.gtk.linux.x86_64_1.2.400.v20211117-0650/eclipse_11600.so
7f1ed2c10000-7f1ed2c11000 rw-p 00010000 00:158b 353                      /home/runner/.cache/jdt-language-server/config/org.eclipse.equinox.launcher/org.eclipse.equinox.launcher.gtk.linux.x86_64_1.2.400.v20211117-0650/eclipse_11600.so
7f1ed3300000-7f1ed3400000 ---p 00000000 00:00 0 
7f1ed3400000-7f1ed39af000 r--p 01122000 00:158e 4611686019135190040      /nix/store/gpxl5qgg8kicmcvivwmybwjlpf7wh20l-graalvm17-ce-22.3.0/lib/libjvmcicompiler.so
7f1ed39af000-7f1ed3b00000 r--p 00000000 00:00 0 
7f1ed3b00000-7f1ed3b3d000 rw-p 00000000 00:00 0 
7f1ed3b3d000-7f1ed405d000 rw-p 0185f000 00:158e 4611686019135190040      /nix/store/gpxl5qgg8kicmcvivwmybwjlpf7wh20l-graalvm17-ce-22.3.0/lib/libjvmcicompiler.so
7f1ed405d000-7f1ed4444000 r--p 01d7f000 00:158e 4611686019135190040      /nix/store/gpxl5qgg8kicmcvivwmybwjlpf7wh20l-graalvm17-ce-22.3.0/lib/libjvmcicompiler.so
7f1ed4500000-7f1ed4504000 ---p 00000000 00:00 0 
7f1ed4504000-7f1ed4600000 rw-p 00000000 00:00 0 
7f1ed4700000-7f1ed4704000 ---p 00000000 00:00 0 
7f1ed4704000-7f1ed4800000 rw-p 00000000 00:00 0 
7f1ed4900000-7f1ed4904000 ---p 00000000 00:00 0 
7f1ed4904000-7f1ed4a00000 rw-p 00000000 00:00 0 
7f1ed4b00000-7f1ed4b04000 ---p 00000000 00:00 0 
7f1ed4b04000-7f1ed4c00000 rw-p 00000000 00:00 0 
7f1ed4d00000-7f1ed4d04000 ---p 00000000 00:00 0 
7f1ed4d04000-7f1ed4e00000 rw-p 00000000 00:00 0 
7f1ed4f00000-7f1ed4f04000 ---p 00000000 00:00 0 
7f1ed4f04000-7f1ed5000000 rw-p 00000000 00:00 0 
7f1ed5000000-7f1ed5004000 ---p 00000000 00:00 0 
7f1ed5004000-7f1ed5100000 rw-p 00000000 00:00 0 
7f1ed5100000-7f1ed5104000 ---p 00000000 00:00 0 
7f1ed5104000-7f1ed5200000 rw-p 00000000 00:00 0 
7f1ed5300000-7f1ed5304000 ---p 00000000 00:00 0 
7f1ed5304000-7f1ed5400000 rw-p 00000000 00:00 0 
7f1ed5400000-7f1ed5404000 ---p 00000000 00:00 0 
7f1ed5404000-7f1ed5500000 rw-p 00000000 00:00 0 
7f1ed5500000-7f1ed5504000 ---p 00000000 00:00 0 
7f1ed5504000-7f1ed5600000 rw-p 00000000 00:00 0 
7f1ed5600000-7f1ed5604000 ---p 00000000 00:00 0 
7f1ed5604000-7f1ed5700000 rw-p 00000000 00:00 0 
7f1ed5700000-7f1ed5704000 ---p 00000000 00:00 0 
7f1ed5704000-7f1ed5800000 rw-p 00000000 00:00 0 
7f1ed5900000-7f1ed5904000 ---p 00000000 00:00 0 
7f1ed5904000-7f1ed5a00000 rw-p 00000000 00:00 0 
7f1ed5b00000-7f1ed5b04000 ---p 00000000 00:00 0 
7f1ed5b04000-7f1ed5c00000 rw-p 00000000 00:00 0 
7f1ed5c00000-7f1ed7d6a000 r-xp 00000000 00:158e 4611686019135190040      /nix/store/gpxl5qgg8kicmcvivwmybwjlpf7wh20l-graalvm17-ce-22.3.0/lib/libjvmcicompiler.so
7f1ed7d6a000-7f1ed7f69000 ---p 0216a000 00:158e 4611686019135190040      /nix/store/gpxl5qgg8kicmcvivwmybwjlpf7wh20l-graalvm17-ce-22.3.0/lib/libjvmcicompiler.so
7f1ed7f69000-7f1ed7f6a000 r--p 02169000 00:158e 4611686019135190040      /nix/store/gpxl5qgg8kicmcvivwmybwjlpf7wh20l-graalvm17-ce-22.3.0/lib/libjvmcicompiler.so
7f1ed7f6a000-7f1ed7f6c000 rw-p 0216a000 00:158e 4611686019135190040      /nix/store/gpxl5qgg8kicmcvivwmybwjlpf7wh20l-graalvm17-ce-22.3.0/lib/libjvmcicompiler.so
7f1ed7f6c000-7f1ed7f6d000 rw-p 00000000 00:00 0 
7f1ed7f6d000-7f1ed7f72000 rw-p 023c3000 00:158e 4611686019135190040      /nix/store/gpxl5qgg8kicmcvivwmybwjlpf7wh20l-graalvm17-ce-22.3.0/lib/libjvmcicompiler.so
7f1ed8000000-7f1ed8021000 rw-p 00000000 00:00 0 
7f1ed8021000-7f1edc000000 ---p 00000000 00:00 0 
7f1edc000000-7f1edc021000 rw-p 00000000 00:00 0 
7f1edc021000-7f1ee0000000 ---p 00000000 00:00 0 
7f1ee0000000-7f1ee0061000 rw-p 00000000 00:00 0 
7f1ee0061000-7f1ee4000000 ---p 00000000 00:00 0 
7f1ee4000000-7f1ee4021000 rw-p 00000000 00:00 0 
7f1ee4021000-7f1ee8000000 ---p 00000000 00:00 0 
7f1ee8000000-7f1ee80d7000 rw-p 00000000 00:00 0 
7f1ee80d7000-7f1eec000000 ---p 00000000 00:00 0 
7f1eec000000-7f1eecad8000 rw-p 00000000 00:00 0 
7f1eecad8000-7f1ef0000000 ---p 00000000 00:00 0 
7f1ef0000000-7f1ef0021000 rw-p 00000000 00:00 0 
7f1ef0021000-7f1ef4000000 ---p 00000000 00:00 0 
7f1ef4000000-7f1ef4021000 rw-p 00000000 00:00 0 
7f1ef4021000-7f1ef8000000 ---p 00000000 00:00 0 
7f1ef8000000-7f1ef8021000 rw-p 00000000 00:00 0 
7f1ef8021000-7f1efc000000 ---p 00000000 00:00 0 
7f1efc000000-7f1efc021000 rw-p 00000000 00:00 0 
7f1efc021000-7f1f00000000 ---p 00000000 00:00 0 
7f1f00000000-7f1f00036000 rw-p 00000000 00:00 0 
7f1f00036000-7f1f04000000 ---p 00000000 00:00 0 
7f1f04000000-7f1f04021000 rw-p 00000000 00:00 0 
7f1f04021000-7f1f08000000 ---p 00000000 00:00 0 
7f1f08000000-7f1f0807a000 rw-p 00000000 00:00 0 
7f1f0807a000-7f1f0c004000 ---p 00000000 00:00 0 
7f1f0c004000-7f1f0c100000 rw-p 00000000 00:00 0 
7f1f0c100000-7f1f0c104000 ---p 00000000 00:00 0 
7f1f0c104000-7f1f0c200000 rw-p 00000000 00:00 0 
7f1f0c200000-7f1f0c204000 ---p 00000000 00:00 0 
7f1f0c204000-7f1f0c300000 rw-p 00000000 00:00 0 
7f1f0c400000-7f1f0c404000 ---p 00000000 00:00 0 
7f1f0c404000-7f1f0c500000 rw-p 00000000 00:00 0 
7f1f0c600000-7f1f0c604000 ---p 00000000 00:00 0 
7f1f0c604000-7f1f0c700000 rw-p 00000000 00:00 0 
7f1f0c800000-7f1f0c804000 ---p 00000000 00:00 0 
7f1f0c804000-7f1f0c900000 rw-p 00000000 00:00 0 
7f1f0c900000-7f1f0c904000 ---p 00000000 00:00 0 
7f1f0c904000-7f1f0ca00000 rw-p 00000000 00:00 0 
7f1f0ca00000-7f1f0ca04000 ---p 00000000 00:00 0 
7f1f0ca04000-7f1f0cb00000 rw-p 00000000 00:00 0 
7f1f0d868000-7f1f0dd00000 rw-p 00000000 00:00 0 
7f1f0dd18000-7f1f0dd19000 ---p 00000000 00:00 0 
7f1f0dd19000-7f1f0de1a000 rw-p 00000000 00:00 0 
7f1f0de1a000-7f1f0de1e000 ---p 00000000 00:00 0 
7f1f0de1e000-7f1f0df1a000 rw-p 00000000 00:00 0 
7f1f0df1a000-7f1f0df1e000 ---p 00000000 00:00 0 
7f1f0df1e000-7f1f0e01a000 rw-p 00000000 00:00 0 
7f1f0e01a000-7f1f0e01e000 ---p 00000000 00:00 0 
7f1f0e01e000-7f1f0e11a000 rw-p 00000000 00:00 0 
7f1f0e11a000-7f1f0e11e000 ---p 00000000 00:00 0 
7f1f0e11e000-7f1f0e31a000 rw-p 00000000 00:00 0 
7f1f0e31a000-7f1f0e31e000 ---p 00000000 00:00 0 
7f1f0e31e000-7f1f0e51a000 rw-p 00000000 00:00 0 
7f1f0e51a000-7f1f0e51e000 ---p 00000000 00:00 0 
7f1f0e51e000-7f1f0e61a000 rw-p 00000000 00:00 0 
7f1f0e61a000-7f1f0e61e000 ---p 00000000 00:00 0 
7f1f0e61e000-7f1f0e71a000 rw-p 00000000 00:00 0 
7f1f0e71a000-7f1f0e71e000 ---p 00000000 00:00 0 
7f1f0e71e000-7f1f0e81a000 rw-p 00000000 00:00 0 
7f1f0e81a000-7f1f0eb00000 r--p 00000000 00:157d 28444448                 /usr/lib/locale/locale-archive
7f1f0eb00000-7f1f0eb04000 ---p 00000000 00:00 0 
7f1f0eb04000-7f1f0f000000 rw-p 00000000 00:00 0 
7f1f0f000000-7f1f0f300000 rw-p 00000000 00:00 0 
7f1f0f300000-7f1f0f400000 rw-p 00000000 00:00 0 
7f1f0f491000-7f1f0f495000 ---p 00000000 00:00 0 
7f1f0f495000-7f1f0f4b3000 rw-p 00000000 00:00 0 
7f1f0f4b3000-7f1f0f723000 rwxp 00000000 00:00 0 
7f1f0f723000-7f1f0fa42000 ---p 00000000 00:00 0 
7f1f0fa42000-7f1f10a22000 rwxp 00000000 00:00 0 
7f1f10a22000-7f1f16f7a000 ---p 00000000 00:00 0 
7f1f16f7a000-7f1f1722a000 rwxp 00000000 00:00 0 
7f1f1722a000-7f1f1e4b3000 ---p 00000000 00:00 0 
7f1f1e4b3000-7f1f28000000 r--s 00000000 00:158e 4611686019135192581      /nix/store/gpxl5qgg8kicmcvivwmybwjlpf7wh20l-graalvm17-ce-22.3.0/lib/modules
7f1f28000000-7f1f2863b000 rw-p 00000000 00:00 0 
7f1f2863b000-7f1f2c000000 ---p 00000000 00:00 0 
7f1f2c010000-7f1f2c012000 r-xp 00000000 00:158e 4611686019135190017      /nix/store/gpxl5qgg8kicmcvivwmybwjlpf7wh20l-graalvm17-ce-22.3.0/lib/libextnet.so
7f1f2c012000-7f1f2c013000 r--p 00001000 00:158e 4611686019135190017      /nix/store/gpxl5qgg8kicmcvivwmybwjlpf7wh20l-graalvm17-ce-22.3.0/lib/libextnet.so
7f1f2c013000-7f1f2c014000 rw-p 00002000 00:158e 4611686019135190017      /nix/store/gpxl5qgg8kicmcvivwmybwjlpf7wh20l-graalvm17-ce-22.3.0/lib/libextnet.so
7f1f2c014000-7f1f2c015000 rw-p 00004000 00:158e 4611686019135190017      /nix/store/gpxl5qgg8kicmcvivwmybwjlpf7wh20l-graalvm17-ce-22.3.0/lib/libextnet.so
7f1f2c015000-7f1f2c01c000 r-xp 00000000 00:158e 4611686019135192580      /nix/store/gpxl5qgg8kicmcvivwmybwjlpf7wh20l-graalvm17-ce-22.3.0/lib/libzip.so
7f1f2c01c000-7f1f2c01d000 ---p 00007000 00:158e 4611686019135192580      /nix/store/gpxl5qgg8kicmcvivwmybwjlpf7wh20l-graalvm17-ce-22.3.0/lib/libzip.so
7f1f2c01d000-7f1f2c01e000 r--p 00007000 00:158e 4611686019135192580      /nix/store/gpxl5qgg8kicmcvivwmybwjlpf7wh20l-graalvm17-ce-22.3.0/lib/libzip.so
7f1f2c01e000-7f1f2c01f000 rw-p 00008000 00:158e 4611686019135192580      /nix/store/gpxl5qgg8kicmcvivwmybwjlpf7wh20l-graalvm17-ce-22.3.0/lib/libzip.so
7f1f2c01f000-7f1f2c021000 rw-p 0000b000 00:158e 4611686019135192580      /nix/store/gpxl5qgg8kicmcvivwmybwjlpf7wh20l-graalvm17-ce-22.3.0/lib/libzip.so
7f1f2c021000-7f1f2c036000 r-xp 00000000 00:158e 4611686019135192570      /nix/store/gpxl5qgg8kicmcvivwmybwjlpf7wh20l-graalvm17-ce-22.3.0/lib/libnet.so
7f1f2c036000-7f1f2c037000 ---p 00015000 00:158e 4611686019135192570      /nix/store/gpxl5qgg8kicmcvivwmybwjlpf7wh20l-graalvm17-ce-22.3.0/lib/libnet.so
7f1f2c037000-7f1f2c038000 r--p 00015000 00:158e 4611686019135192570      /nix/store/gpxl5qgg8kicmcvivwmybwjlpf7wh20l-graalvm17-ce-22.3.0/lib/libnet.so
7f1f2c038000-7f1f2c039000 rw-p 00016000 00:158e 4611686019135192570      /nix/store/gpxl5qgg8kicmcvivwmybwjlpf7wh20l-graalvm17-ce-22.3.0/lib/libnet.so
7f1f2c039000-7f1f2c03c000 rw-p 0001b000 00:158e 4611686019135192570      /nix/store/gpxl5qgg8kicmcvivwmybwjlpf7wh20l-graalvm17-ce-22.3.0/lib/libnet.so
7f1f2c03c000-7f1f2c04f000 r-xp 00000000 00:158e 4611686019135192571      /nix/store/gpxl5qgg8kicmcvivwmybwjlpf7wh20l-graalvm17-ce-22.3.0/lib/libnio.so
7f1f2c04f000-7f1f2c050000 r--p 00012000 00:158e 4611686019135192571      /nix/store/gpxl5qgg8kicmcvivwmybwjlpf7wh20l-graalvm17-ce-22.3.0/lib/libnio.so
7f1f2c050000-7f1f2c051000 rw-p 00013000 00:158e 4611686019135192571      /nix/store/gpxl5qgg8kicmcvivwmybwjlpf7wh20l-graalvm17-ce-22.3.0/lib/libnio.so
7f1f2c051000-7f1f2c056000 rw-p 00019000 00:158e 4611686019135192571      /nix/store/gpxl5qgg8kicmcvivwmybwjlpf7wh20l-graalvm17-ce-22.3.0/lib/libnio.so
7f1f2c056000-7f1f2c05a000 ---p 00000000 00:00 0 
7f1f2c05a000-7f1f2c156000 rw-p 00000000 00:00 0 
7f1f2c156000-7f1f2c157000 ---p 00000000 00:00 0 
7f1f2c157000-7f1f2c258000 rw-p 00000000 00:00 0 
7f1f2c258000-7f1f2c326000 r-xp 00000000 00:158e 4611686019135190036      /nix/store/gpxl5qgg8kicmcvivwmybwjlpf7wh20l-graalvm17-ce-22.3.0/lib/libjsvml.so
7f1f2c326000-7f1f2c327000 r--p 000cd000 00:158e 4611686019135190036      /nix/store/gpxl5qgg8kicmcvivwmybwjlpf7wh20l-graalvm17-ce-22.3.0/lib/libjsvml.so
7f1f2c327000-7f1f2c328000 rw-p 000ce000 00:158e 4611686019135190036      /nix/store/gpxl5qgg8kicmcvivwmybwjlpf7wh20l-graalvm17-ce-22.3.0/lib/libjsvml.so
7f1f2c328000-7f1f2dc00000 rw-p 00000000 00:00 0 
7f1f2dc00000-7f1f2dc01000 ---p 00000000 00:00 0 
7f1f2dc01000-7f1f2ddac000 rw-p 00000000 00:00 0 
7f1f2ddac000-7f1f2ddb9000 rw-p 00000000 00:00 0 
7f1f2ddb9000-7f1f2de02000 ---p 00000000 00:00 0 
7f1f2de02000-7f1f2de09000 rw-p 00000000 00:00 0 
7f1f2de09000-7f1f2deee000 ---p 00000000 00:00 0 
7f1f2deee000-7f1f2df0e000 rw-p 00000000 00:00 0 
7f1f2df0e000-7f1f2dfd9000 ---p 00000000 00:00 0 
7f1f2dfd9000-7f1f2dfde000 rw-p 00000000 00:00 0 
7f1f2dfde000-7f1f2dfe5000 ---p 00000000 00:00 0 
7f1f2dfe5000-7f1f2e009000 r-xp 00000000 00:158e 4611686019135190028      /nix/store/gpxl5qgg8kicmcvivwmybwjlpf7wh20l-graalvm17-ce-22.3.0/lib/libjava.so
7f1f2e009000-7f1f2e00a000 ---p 00024000 00:158e 4611686019135190028      /nix/store/gpxl5qgg8kicmcvivwmybwjlpf7wh20l-graalvm17-ce-22.3.0/lib/libjava.so
7f1f2e00a000-7f1f2e00b000 r--p 00024000 00:158e 4611686019135190028      /nix/store/gpxl5qgg8kicmcvivwmybwjlpf7wh20l-graalvm17-ce-22.3.0/lib/libjava.so
7f1f2e00b000-7f1f2e00c000 rw-p 00025000 00:158e 4611686019135190028      /nix/store/gpxl5qgg8kicmcvivwmybwjlpf7wh20l-graalvm17-ce-22.3.0/lib/libjava.so
7f1f2e00c000-7f1f2e00d000 rw-p 00000000 00:00 0 
7f1f2e00d000-7f1f2e014000 rw-p 0002f000 00:158e 4611686019135190028      /nix/store/gpxl5qgg8kicmcvivwmybwjlpf7wh20l-graalvm17-ce-22.3.0/lib/libjava.so
7f1f2e014000-7f1f2e01c000 rw-s 00000000 00:eaf 350                       /tmp/hsperfdata_runner/28
7f1f2e01c000-7f1f2e01d000 ---p 00000000 00:00 0 
7f1f2e01d000-7f1f2e01e000 r--p 00000000 00:00 0 
7f1f2e01e000-7f1f2e01f000 rwxp 00000000 00:00 0 
7f1f2e01f000-7f1f2e03a000 r-xp 00000000 00:158e 4611686019135190032      /nix/store/gpxl5qgg8kicmcvivwmybwjlpf7wh20l-graalvm17-ce-22.3.0/lib/libjimage.so
7f1f2e03a000-7f1f2e03b000 ---p 0001b000 00:158e 4611686019135190032      /nix/store/gpxl5qgg8kicmcvivwmybwjlpf7wh20l-graalvm17-ce-22.3.0/lib/libjimage.so
7f1f2e03b000-7f1f2e03d000 r--p 0001b000 00:158e 4611686019135190032      /nix/store/gpxl5qgg8kicmcvivwmybwjlpf7wh20l-graalvm17-ce-22.3.0/lib/libjimage.so
7f1f2e03d000-7f1f2e03e000 rw-p 0001d000 00:158e 4611686019135190032      /nix/store/gpxl5qgg8kicmcvivwmybwjlpf7wh20l-graalvm17-ce-22.3.0/lib/libjimage.so
7f1f2e03e000-7f1f2e03f000 rw-p 00024000 00:158e 4611686019135190032      /nix/store/gpxl5qgg8kicmcvivwmybwjlpf7wh20l-graalvm17-ce-22.3.0/lib/libjimage.so
7f1f2e03f000-7f1f2e043000 ---p 00000000 00:00 0 
7f1f2e043000-7f1f2e13f000 rw-p 00000000 00:00 0 
7f1f2e13f000-7f1f2e14d000 r--p 00000000 00:158e 4611686019027979927      /nix/store/4nlgxhb09sdr51nc9hdm8az5b08vzkgx-glibc-2.35-163/lib/libm.so.6
7f1f2e14d000-7f1f2e1c0000 r-xp 0000e000 00:158e 4611686019027979927      /nix/store/4nlgxhb09sdr51nc9hdm8az5b08vzkgx-glibc-2.35-163/lib/libm.so.6
7f1f2e1c0000-7f1f2e21d000 r--p 00081000 00:158e 4611686019027979927      /nix/store/4nlgxhb09sdr51nc9hdm8az5b08vzkgx-glibc-2.35-163/lib/libm.so.6
7f1f2e21d000-7f1f2e21e000 r--p 000dd000 00:158e 4611686019027979927      /nix/store/4nlgxhb09sdr51nc9hdm8az5b08vzkgx-glibc-2.35-163/lib/libm.so.6
7f1f2e21e000-7f1f2e21f000 rw-p 000de000 00:158e 4611686019027979927      /nix/store/4nlgxhb09sdr51nc9hdm8az5b08vzkgx-glibc-2.35-163/lib/libm.so.6
7f1f2e21f000-7f1f2e220000 r--p 00000000 00:158e 4611686019027979946      /nix/store/4nlgxhb09sdr51nc9hdm8az5b08vzkgx-glibc-2.35-163/lib/librt.so.1
7f1f2e220000-7f1f2e221000 r-xp 00001000 00:158e 4611686019027979946      /nix/store/4nlgxhb09sdr51nc9hdm8az5b08vzkgx-glibc-2.35-163/lib/librt.so.1
7f1f2e221000-7f1f2e222000 r--p 00002000 00:158e 4611686019027979946      /nix/store/4nlgxhb09sdr51nc9hdm8az5b08vzkgx-glibc-2.35-163/lib/librt.so.1
7f1f2e222000-7f1f2e223000 r--p 00002000 00:158e 4611686019027979946      /nix/store/4nlgxhb09sdr51nc9hdm8az5b08vzkgx-glibc-2.35-163/lib/librt.so.1
7f1f2e223000-7f1f2e224000 rw-p 00003000 00:158e 4611686019027979946      /nix/store/4nlgxhb09sdr51nc9hdm8az5b08vzkgx-glibc-2.35-163/lib/librt.so.1
7f1f2e224000-7f1f2f337000 r-xp 00000000 00:158e 4611686019135360866      /nix/store/gpxl5qgg8kicmcvivwmybwjlpf7wh20l-graalvm17-ce-22.3.0/lib/server/libjvm.so
7f1f2f337000-7f1f2f338000 ---p 01113000 00:158e 4611686019135360866      /nix/store/gpxl5qgg8kicmcvivwmybwjlpf7wh20l-graalvm17-ce-22.3.0/lib/server/libjvm.so
7f1f2f338000-7f1f2f3ed000 r--p 01113000 00:158e 4611686019135360866      /nix/store/gpxl5qgg8kicmcvivwmybwjlpf7wh20l-graalvm17-ce-22.3.0/lib/server/libjvm.so
7f1f2f3ed000-7f1f2f421000 rw-p 011c8000 00:158e 4611686019135360866      /nix/store/gpxl5qgg8kicmcvivwmybwjlpf7wh20l-graalvm17-ce-22.3.0/lib/server/libjvm.so
7f1f2f421000-7f1f2f47d000 rw-p 00000000 00:00 0 
7f1f2f47d000-7f1f2f4a5000 r--p 00000000 00:158e 4611686019027979918      /nix/store/4nlgxhb09sdr51nc9hdm8az5b08vzkgx-glibc-2.35-163/lib/libc.so.6
7f1f2f4a5000-7f1f2f61b000 r-xp 00028000 00:158e 4611686019027979918      /nix/store/4nlgxhb09sdr51nc9hdm8az5b08vzkgx-glibc-2.35-163/lib/libc.so.6
7f1f2f61b000-7f1f2f673000 r--p 0019e000 00:158e 4611686019027979918      /nix/store/4nlgxhb09sdr51nc9hdm8az5b08vzkgx-glibc-2.35-163/lib/libc.so.6
7f1f2f673000-7f1f2f677000 r--p 001f6000 00:158e 4611686019027979918      /nix/store/4nlgxhb09sdr51nc9hdm8az5b08vzkgx-glibc-2.35-163/lib/libc.so.6
7f1f2f677000-7f1f2f679000 rw-p 001fa000 00:158e 4611686019027979918      /nix/store/4nlgxhb09sdr51nc9hdm8az5b08vzkgx-glibc-2.35-163/lib/libc.so.6
7f1f2f679000-7f1f2f688000 rw-p 00000000 00:00 0 
7f1f2f688000-7f1f2f689000 r--p 00000000 00:158e 4611686019027979923      /nix/store/4nlgxhb09sdr51nc9hdm8az5b08vzkgx-glibc-2.35-163/lib/libdl.so.2
7f1f2f689000-7f1f2f68a000 r-xp 00001000 00:158e 4611686019027979923      /nix/store/4nlgxhb09sdr51nc9hdm8az5b08vzkgx-glibc-2.35-163/lib/libdl.so.2
7f1f2f68a000-7f1f2f68b000 r--p 00002000 00:158e 4611686019027979923      /nix/store/4nlgxhb09sdr51nc9hdm8az5b08vzkgx-glibc-2.35-163/lib/libdl.so.2
7f1f2f68b000-7f1f2f68c000 r--p 00002000 00:158e 4611686019027979923      /nix/store/4nlgxhb09sdr51nc9hdm8az5b08vzkgx-glibc-2.35-163/lib/libdl.so.2
7f1f2f68c000-7f1f2f68d000 rw-p 00003000 00:158e 4611686019027979923      /nix/store/4nlgxhb09sdr51nc9hdm8az5b08vzkgx-glibc-2.35-163/lib/libdl.so.2
7f1f2f68d000-7f1f2f68e000 r--p 00000000 00:158e 4611686019027979942      /nix/store/4nlgxhb09sdr51nc9hdm8az5b08vzkgx-glibc-2.35-163/lib/libpthread.so.0
7f1f2f68e000-7f1f2f68f000 r-xp 00001000 00:158e 4611686019027979942      /nix/store/4nlgxhb09sdr51nc9hdm8az5b08vzkgx-glibc-2.35-163/lib/libpthread.so.0
7f1f2f68f000-7f1f2f690000 r--p 00002000 00:158e 4611686019027979942      /nix/store/4nlgxhb09sdr51nc9hdm8az5b08vzkgx-glibc-2.35-163/lib/libpthread.so.0
7f1f2f690000-7f1f2f691000 r--p 00002000 00:158e 4611686019027979942      /nix/store/4nlgxhb09sdr51nc9hdm8az5b08vzkgx-glibc-2.35-163/lib/libpthread.so.0
7f1f2f691000-7f1f2f692000 rw-p 00003000 00:158e 4611686019027979942      /nix/store/4nlgxhb09sdr51nc9hdm8az5b08vzkgx-glibc-2.35-163/lib/libpthread.so.0
7f1f2f692000-7f1f2f6a0000 r-xp 00000000 00:158e 4611686019135190033      /nix/store/gpxl5qgg8kicmcvivwmybwjlpf7wh20l-graalvm17-ce-22.3.0/lib/libjli.so
7f1f2f6a0000-7f1f2f6a1000 ---p 0000e000 00:158e 4611686019135190033      /nix/store/gpxl5qgg8kicmcvivwmybwjlpf7wh20l-graalvm17-ce-22.3.0/lib/libjli.so
7f1f2f6a1000-7f1f2f6a2000 r--p 0000e000 00:158e 4611686019135190033      /nix/store/gpxl5qgg8kicmcvivwmybwjlpf7wh20l-graalvm17-ce-22.3.0/lib/libjli.so
7f1f2f6a2000-7f1f2f6a3000 rw-p 0000f000 00:158e 4611686019135190033      /nix/store/gpxl5qgg8kicmcvivwmybwjlpf7wh20l-graalvm17-ce-22.3.0/lib/libjli.so
7f1f2f6a3000-7f1f2f6a4000 rw-p 00012000 00:158e 4611686019135190033      /nix/store/gpxl5qgg8kicmcvivwmybwjlpf7wh20l-graalvm17-ce-22.3.0/lib/libjli.so
7f1f2f6a4000-7f1f2f6a7000 r--p 00000000 00:158e 4611686019106210071      /nix/store/026hln0aq1hyshaxsdvhg0kmcm6yf45r-zlib-1.2.13/lib/libz.so.1.2.13
7f1f2f6a7000-7f1f2f6b9000 r-xp 00003000 00:158e 4611686019106210071      /nix/store/026hln0aq1hyshaxsdvhg0kmcm6yf45r-zlib-1.2.13/lib/libz.so.1.2.13
7f1f2f6b9000-7f1f2f6c0000 r--p 00015000 00:158e 4611686019106210071      /nix/store/026hln0aq1hyshaxsdvhg0kmcm6yf45r-zlib-1.2.13/lib/libz.so.1.2.13
7f1f2f6c0000-7f1f2f6c1000 r--p 0001b000 00:158e 4611686019106210071      /nix/store/026hln0aq1hyshaxsdvhg0kmcm6yf45r-zlib-1.2.13/lib/libz.so.1.2.13
7f1f2f6c1000-7f1f2f6c2000 rw-p 0001c000 00:158e 4611686019106210071      /nix/store/026hln0aq1hyshaxsdvhg0kmcm6yf45r-zlib-1.2.13/lib/libz.so.1.2.13
7f1f2f6c2000-7f1f2f6c4000 rw-p 00000000 00:00 0 
7f1f2f6c4000-7f1f2f6c6000 r--p 00000000 00:158e 4611686019027979912      /nix/store/4nlgxhb09sdr51nc9hdm8az5b08vzkgx-glibc-2.35-163/lib/ld-linux-x86-64.so.2
7f1f2f6c6000-7f1f2f6ed000 r-xp 00002000 00:158e 4611686019027979912      /nix/store/4nlgxhb09sdr51nc9hdm8az5b08vzkgx-glibc-2.35-163/lib/ld-linux-x86-64.so.2
7f1f2f6ed000-7f1f2f6f9000 r--p 00029000 00:158e 4611686019027979912      /nix/store/4nlgxhb09sdr51nc9hdm8az5b08vzkgx-glibc-2.35-163/lib/ld-linux-x86-64.so.2
7f1f2f6f9000-7f1f2f6fb000 r--p 00034000 00:158e 4611686019027979912      /nix/store/4nlgxhb09sdr51nc9hdm8az5b08vzkgx-glibc-2.35-163/lib/ld-linux-x86-64.so.2
7f1f2f6fb000-7f1f2f6fd000 rw-p 00036000 00:158e 4611686019027979912      /nix/store/4nlgxhb09sdr51nc9hdm8az5b08vzkgx-glibc-2.35-163/lib/ld-linux-x86-64.so.2
7ffc25723000-7ffc25747000 rw-p 00000000 00:00 0                          [stack]
7ffc257a5000-7ffc257a9000 r--p 00000000 00:00 0                          [vvar]
7ffc257a9000-7ffc257ab000 r-xp 00000000 00:00 0                          [vdso]
ffffffffff600000-ffffffffff601000 --xp 00000000 00:00 0                  [vsyscall]


VM Arguments:
jvm_args: -XX:ThreadPriorityPolicy=1 -XX:+UnlockExperimentalVMOptions -XX:+EnableJVMCIProduct -XX:JVMCIThreadsPerNativeLibraryRuntime=1 -XX:-UnlockExperimentalVMOptions -Declipse.application=org.eclipse.jdt.ls.core.id1 -Dosgi.bundles.defaultStartLevel=4 -Declipse.product=org.eclipse.jdt.ls.core.product -Dlog.level=ALL -Xverify:none -XX:+UseParallelGC -XX:GCTimeRatio=4 -XX:AdaptiveSizePolicyWeight=90 -Dsun.zip.disableMemoryMapping=true -Xmx512m -Xms100m 
java_command: /nix/store/m6gcpi1ii6rghy04cjwjddcavv7i90df-jdt-language-server-1.9.0/share/java/plugins/org.eclipse.equinox.launcher_1.6.400.v20210924-0641.jar --add-modules=ALL-SYSTEM --add-opens java.base/java.util=ALL-UNNAMED --add-opens java.base/java.lang=ALL-UNNAMED -configuration /home/runner/.cache/jdt-language-server/config -data /home/runner/.cache/jdt-language-server/data/home/runner/InterviewTest
java_class_path (initial): /nix/store/m6gcpi1ii6rghy04cjwjddcavv7i90df-jdt-language-server-1.9.0/share/java/plugins/org.eclipse.equinox.launcher_1.6.400.v20210924-0641.jar
Launcher Type: SUN_STANDARD

[Global flags]
    uintx AdaptiveSizePolicyWeight                 = 90                                        {product} {command line}
     intx CICompilerCount                          = 2                                         {product} {ergonomic}
     bool EnableJVMCIProduct                       = true                                {JVMCI product} {jimage}
    uintx GCTimeRatio                              = 4                                         {product} {command line}
   size_t InitialHeapSize                          = 104857600                                 {product} {command line}
     uint JVMCIThreadsPerNativeLibraryRuntime      = 1                                   {JVMCI product} {jimage}
   size_t MaxHeapSize                              = 536870912                                 {product} {command line}
   size_t MaxNewSize                               = 178782208                                 {product} {ergonomic}
   size_t MinHeapDeltaBytes                        = 524288                                    {product} {ergonomic}
   size_t MinHeapSize                              = 104857600                                 {product} {command line}
   size_t NewSize                                  = 34603008                                  {product} {ergonomic}
    uintx NonNMethodCodeHeapSize                   = 5826188                                {pd product} {ergonomic}
    uintx NonProfiledCodeHeapSize                  = 122916026                              {pd product} {ergonomic}
   size_t OldSize                                  = 70254592                                  {product} {ergonomic}
    uintx ProfiledCodeHeapSize                     = 122916026                              {pd product} {ergonomic}
    uintx ReservedCodeCacheSize                    = 251658240                              {pd product} {ergonomic}
     bool SegmentedCodeCache                       = true                                      {product} {ergonomic}
   size_t SoftMaxHeapSize                          = 536870912                              {manageable} {ergonomic}
     intx ThreadPriorityPolicy                     = 1                                         {product} {jimage}
     bool UseCompressedClassPointers               = true                           {product lp64_product} {ergonomic}
     bool UseCompressedOops                        = true                           {product lp64_product} {ergonomic}
     bool UseParallelGC                            = true                                      {product} {command line}

Logging:
Log output configuration:
 #0: stdout all=warning uptime,level,tags
 #1: stderr all=off uptime,level,tags

Environment Variables:
JAVA_HOME=/nix/store/gpxl5qgg8kicmcvivwmybwjlpf7wh20l-graalvm17-ce-22.3.0
PATH=/nix/store/1d6ian3r8kdzspw8hacjhl3xkp40g1lj-binutils-wrapper-2.39/bin:/nix/store/dq0xwmsk1g0i2ayg6pb7y87na2knzylh-gcc-wrapper-11.3.0/bin:/nix/store/bap4d0lpcrhpwmpb8ayjcgkmvfj62lnq-bash-interactive-5.1-p16/bin:/nix/store/pr5n59mb4jzmfx6kanwxly0l07p861fg-patchelf-0.15.0/bin:/nix/store/1gf2flfqnpqbr1b4p4qz2f72y42bs56r-gcc-11.3.0/bin:/nix/store/57xv61c5zi8pphjbcwxxjlgc34p61ic9-glibc-2.35-163-bin/bin:/nix/store/a7gvj343m05j2s32xcnwr35v31ynlypr-coreutils-9.1/bin:/nix/store/039g378vc3pc3dvi9dzdlrd0i4q93qwf-binutils-2.39/bin:/nix/store/gpxl5qgg8kicmcvivwmybwjlpf7wh20l-graalvm17-ce-22.3.0/bin:/nix/store/6z9ag3ihc8mq2hzsw48lhbznvzny65nz-apache-maven-3.8.6/bin:/nix/store/m6gcpi1ii6rghy04cjwjddcavv7i90df-jdt-language-server-1.9.0/bin:/nix/store/84xs5alhs01zrbr4ywm05kxbjbp5590l-java-debug/bin:/nix/store/mydc6f4k2z73xlcz7ilif3v2lcaiqvza-findutils-4.9.0/bin:/nix/store/j9p3g8472iijd50vhdprx0nmk2fqn5gv-diffutils-3.8/bin:/nix/store/89zs7rms6x00xfq4dq6m7mjnhkr8a6r4-gnused-4.8/bin:/nix/store/86bp03jkmsl6f92w0yzg4s59g5mhxwmy-gnugrep-3.7/bin:/nix/store/hwcdqw4jrjnd37wxqgsd47hd0j8bnj09-gawk-5.1.1/bin:/nix/store/cfbhw8r8ags41vwqaz47r583d0p4h4a1-gnutar-1.34/bin:/nix/store/p3m1ndl1lapwrlh698bnb5lvvxh67378-gzip-1.12/bin:/nix/store/a8mhcagrsly7c7mpjrpsnaahk4aax056-bzip2-1.0.8-bin/bin:/nix/store/mblgz65m3zv9x548a3d5m96fj2pbwr09-gnumake-4.3/bin:/nix/store/dsd5gz46hdbdk2rfdimqddhq6m8m8fqs-bash-5.1-p16/bin:/nix/store/v7ljksji50mg3w61dykaa3n3y79n6nil-patch-2.7.6/bin:/nix/store/zlcnmqq14jz5x9439jf937mvayyl63da-xz-5.2.7-bin/bin:/nix/store/y6aj732zm9m87c82fpvf103a1xb22blp-file-5.43/bin:/nix/store/i4kzir3m7mrisxmf5xvlnkw01x4qaqr4-prybar-elisp-0.0.0-e0d9a52/bin:/nix/store/lwwivxf6h7x3cvxp9zv8sj0mv7dak99r-prybar-lua-0.0.0-e0d9a52/bin:/nix/store/gxj28g1cg4hq3qanmjv07156h800qr58-prybar-python3-0.0.0-e0d9a52/bin:/nix/store/hshkjnxrgidigf8x75vg6lqng2xlx9i3-prybar-sqlite-0.0.0-e0d9a52/bin:/nix/store/c4w01bpjgyy5ixmwdk8m1pw87zq4sl26-prybar-tcl-0.0.0-e0d9a52/bin:/nix/store/hpbvrlwd5viqmvcaisb3x0118i913a9n-st
LD_LIBRARY_PATH=/nix/store/a4pff549sk2idnkpzk5nsfps3mdkdnvm-cups-2.4.2-lib/lib:/nix/store/72mqxxhh3cy5yifh92wh2yb8cl2hikyy-cairo-1.16.0/lib:/nix/store/2k366jrbsra97gjfxwvrhvixjfxdach5-glib-2.74.1/lib:/nix/store/2j2znigd8ak37rlwh9khz0ry3clqlw1l-gtk+3-3.24.34/lib:/nix/store/hisqvx32cd57apbpcsnkpx6k3549wql1-libglvnd-1.4.0/lib:/nix/store/p36pgcv991mq5srvg765b78yqpxvk3qs-mesa-21.3.3-drivers/lib:/nix/store/mav4251if1ahjq5vkpwycyyvnmy459c4-pulseaudio-14.2/lib
DISPLAY=:0
LANG=en_US.UTF-8

Signal Handlers:
   SIGSEGV: crash_handler in libjvm.so, mask=11100100010111111101111111111110, flags=SA_RESTART|SA_SIGINFO
    SIGBUS: crash_handler in libjvm.so, mask=11100100010111111101111111111110, flags=SA_RESTART|SA_SIGINFO
    SIGFPE: crash_handler in libjvm.so, mask=11100100010111111101111111111110, flags=SA_RESTART|SA_SIGINFO
   SIGPIPE: IsolateEnterStub_IgnoreSIGPIPEStartupHook_noopSignalHandler_8f19bff2f35b5f630d83b364d6b2339320d4ec70_216e8361c6bc87a8f89f58cc10d3b2fd4415bf87 in libjvmcicompiler.so, mask=00000000000000000000000000000000, flags=SA_RESTART
  *** Handler was modified!
  *** Expected: javaSignalHandler in libjvm.so, mask=11100100110111111111111111111110, flags=SA_RESTART|SA_SIGINFO
   SIGXFSZ: javaSignalHandler in libjvm.so, mask=11100100010111111101111111111110, flags=SA_RESTART|SA_SIGINFO
    SIGILL: crash_handler in libjvm.so, mask=11100100010111111101111111111110, flags=SA_RESTART|SA_SIGINFO
   SIGUSR2: SR_handler in libjvm.so, mask=00000000000000000000000000000000, flags=SA_RESTART|SA_SIGINFO
    SIGHUP: UserHandler in libjvm.so, mask=11100100010111111101111111111110, flags=SA_RESTART|SA_SIGINFO
    SIGINT: UserHandler in libjvm.so, mask=11100100010111111101111111111110, flags=SA_RESTART|SA_SIGINFO
   SIGTERM: UserHandler in libjvm.so, mask=11100100010111111101111111111110, flags=SA_RESTART|SA_SIGINFO
   SIGQUIT: UserHandler in libjvm.so, mask=11100100010111111101111111111110, flags=SA_RESTART|SA_SIGINFO
  *** Handler was modified!
  *** Expected: javaSignalHandler in libjvm.so, mask=11100100110111111111111111111110, flags=SA_RESTART|SA_SIGINFO
   SIGTRAP: crash_handler in libjvm.so, mask=11100100010111111101111111111110, flags=SA_RESTART|SA_SIGINFO


---------------  S Y S T E M  ---------------

OS:
DISTRIB_ID=Ubuntu
DISTRIB_RELEASE=20.04
DISTRIB_CODENAME=focal
DISTRIB_DESCRIPTION="Ubuntu 20.04.2 LTS"
uname: Linux 5.15.0-1031-gcp #38~20.04.1-Ubuntu SMP Sun Mar 12 04:47:58 UTC 2023 x86_64
OS uptime: 0 days 1:09 hours
libc: glibc 2.35 NPTL 2.35 
rlimit (soft/hard): STACK 8192k/infinity , CORE infinity/infinity , NPROC infinity/infinity , NOFILE 5242/5242 , AS infinity/infinity , CPU infinity/infinity , DATA infinity/infinity , FSIZE infinity/infinity , MEMLOCK 64k/64k
load average: 7.75 10.30 9.65

/proc/meminfo:
MemTotal:       65852712 kB
MemFree:        28608432 kB
MemAvailable:   48613232 kB
Buffers:         1461372 kB
Cached:         17654240 kB
SwapCached:            0 kB
Active:          5581540 kB
Inactive:       28217616 kB
Active(anon):      16488 kB
Inactive(anon): 14434680 kB
Active(file):    5565052 kB
Inactive(file): 13782936 kB
Unevictable:       43024 kB
Mlocked:           43024 kB
SwapTotal:             0 kB
SwapFree:              0 kB
Dirty:            134444 kB
Writeback:             0 kB
AnonPages:      14501940 kB
Mapped:          1531084 kB
Shmem:             27896 kB
KReclaimable:    1383412 kB
Slab:            2465572 kB
SReclaimable:    1383412 kB
SUnreclaim:      1082160 kB
KernelStack:      396920 kB
PageTables:       188792 kB
NFS_Unstable:          0 kB
Bounce:                0 kB
WritebackTmp:          0 kB
CommitLimit:    32926356 kB
Committed_AS:   61034260 kB
VmallocTotal:   34359738367 kB
VmallocUsed:      432644 kB
VmallocChunk:          0 kB
Percpu:            50464 kB
HardwareCorrupted:     0 kB
AnonHugePages:   2236416 kB
ShmemHugePages:        0 kB
ShmemPmdMapped:        0 kB
FileHugePages:         0 kB
FilePmdMapped:         0 kB
HugePages_Total:       0
HugePages_Free:        0
HugePages_Rsvd:        0
HugePages_Surp:        0
Hugepagesize:       2048 kB
Hugetlb:               0 kB
DirectMap4k:     2673472 kB
DirectMap2M:    37169152 kB
DirectMap1G:    29360128 kB

/sys/kernel/mm/transparent_hugepage/enabled: always [madvise] never
/sys/kernel/mm/transparent_hugepage/defrag (defrag/compaction efforts parameter): always defer defer+madvise [madvise] never

Process Memory:
Virtual Size: 4854872K (peak: 4888380K)
Resident Set Size: 717444K (peak: 753284K) (anon: 520576K, file: 196868K, shmem: 0K)
Swapped out: 0K
C-Heap outstanding allocations: 43864K, retained: 11503K
glibc malloc tunables: (default)

/proc/sys/kernel/threads-max (system-wide limit on the number of threads): 514406
/proc/sys/vm/max_map_count (maximum number of memory map areas a process may have): 65530
/proc/sys/kernel/pid_max (system-wide limit on number of process identifiers): 4194304

container (cgroup) information:
container_type: cgroupv1
cpu_cpuset_cpus: 2-7
cpu_memory_nodes: 0
active_processor_count: 1
cpu_quota: 50000
cpu_period: 100000
cpu_shares: 512
memory_limit_in_bytes: 1048576 k
memory_and_swap_limit_in_bytes: 1048576 k
memory_soft_limit_in_bytes: 524288 k
memory_usage_in_bytes: 573428 k
memory_max_usage_in_bytes: 627012 k
maximum number of tasks: 1000
current number of tasks: 46

KVM virtualization detected
Steal ticks since vm start: 0
Steal ticks percentage since vm start:  0.000

CPU: total 8 (initial active 1) (8 cores per cpu, 2 threads per core) family 23 model 49 stepping 0 microcode 0xffffffff, cx8, cmov, fxsr, ht, mmx, 3dnowpref, sse, sse2, sse3, ssse3, sse4a, sse4.1, sse4.2, popcnt, lzcnt, tsc, tscinvbit, avx, avx2, aes, clmul, bmi1, bmi2, adx, sha, fma, vzeroupper, clflush, clflushopt, hv
CPU Model and flags from /proc/cpuinfo:
model name	: AMD EPYC 7B12
flags		: fpu vme de pse tsc msr pae mce cx8 apic sep mtrr pge mca cmov pat pse36 clflush mmx fxsr sse sse2 ht syscall nx mmxext fxsr_opt pdpe1gb rdtscp lm constant_tsc rep_good nopl nonstop_tsc cpuid extd_apicid tsc_known_freq pni pclmulqdq ssse3 fma cx16 sse4_1 sse4_2 movbe popcnt aes xsave avx f16c rdrand hypervisor lahf_lm cmp_legacy cr8_legacy abm sse4a misalignsse 3dnowprefetch osvw topoext ssbd ibrs ibpb stibp vmmcall fsgsbase tsc_adjust bmi1 avx2 smep bmi2 rdseed adx smap clflushopt clwb sha_ni xsaveopt xsavec xgetbv1 clzero xsaveerptr arat npt nrip_save umip rdpid

Online cpus: 0-7
Offline cpus: 
BIOS frequency limitation: <Not Available>
Frequency switch latency (ns): <Not Available>
Available cpu frequencies: <Not Available>
Current governor: <Not Available>
Core performance/turbo boost: <Not Available>

Memory: 4k page, physical 1048576k(475140k free), swap 0k(0k free)
Page Sizes: 4k

vm_info: OpenJDK 64-Bit Server VM (17.0.5+8-jvmci-22.3-b08) for linux-amd64 JRE (17.0.5+8-jvmci-22.3-b08), built on Oct 19 2022 09:01:27 by "buildslave" with gcc 10.3.0

END.
